#
# A fatal error has been detected by the Java Runtime Environment:
#
#  SIGSEGV (0xb) at pc=0x0000000000000000, pid=39328, tid=0x0000000000011d27
#
# JRE version: Java(TM) SE Runtime Environment (8.0_202-b08) (build 1.8.0_202-b08)
# Java VM: Java HotSpot(TM) 64-Bit Server VM (25.202-b08 mixed mode bsd-amd64 compressed oops)
# Problematic frame:
# C  0x0000000000000000
#
# Failed to write core dump. Core dumps have been disabled. To enable core dumping, try "ulimit -c unlimited" before starting Java again
#
# If you would like to submit a bug report, please visit:
#   http://bugreport.java.com/bugreport/crash.jsp
#

---------------  T H R E A D  ---------------

Current thread is native thread

siginfo: si_signo: 11 (SIGSEGV), si_code: 1 (SEGV_MAPERR), si_addr: 0x0000000000000000

Registers:
RAX=0x000000012f1e9508, RBX=0x00000000000161b0, RCX=0x00007fa5f811c970, RDX=0xfffffffffffffff0
RSP=0x000000030f5ca9d8, RBP=0x000000030f5caa80, RSI=0x0000000000000000, RDI=0x00007fa5f8108000
R8 =0x0000000000000200, R9 =0x000000012ca663f0, R10=0x000000013005688e, R11=0x0000600000b9a710
R12=0x000000012ca663a0, R13=0x00007fa5f8108000, R14=0x000000012ca663f0, R15=0x0000000000000800
RIP=0x0000000000000000, EFLAGS=0x0000000000000246, ERR=0x0000000000000004
  TRAPNO=0x000000000000000e

Top of Stack: (sp=0x000000030f5ca9d8)
0x000000030f5ca9d8:   000000012f1bb639 0000000000000000
0x000000030f5ca9e8:   0000000000000000 00007fa5f81101b0
0x000000030f5ca9f8:   000000012c502000 00007fa5f810e1b0
0x000000030f5caa08:   0000020000000000 0000000000000000
0x000000030f5caa18:   0000000000000800 0dd9910c00000200
0x000000030f5caa28:   00007fa5f810c1b0 00007fa5f8108000
0x000000030f5caa38:   00000200249e19b6 000000000000001f
0x000000030f5caa48:   000000030000037f 0dd9910c98dd005b
0x000000030f5caa58:   00007fa61604d8a0 000000012ca663a0
0x000000030f5caa68:   00007fa61604d810 000000012ca663f0
0x000000030f5caa78:   00000000ffffd584 000000030f5caa90
0x000000030f5caa88:   000000012f1cb2ef 000000030f5cab20
0x000000030f5caa98:   00000001300531ae 00007fa5c1588a00
0x000000030f5caaa8:   000000030f5caaf8 00007fa5c1588c50
0x000000030f5caab8:   00007ff8157d0100 000000030f5cac00
0x000000030f5caac8:   0000000000000200 000000030f5cac90
0x000000030f5caad8:   00007ff800000200 0000000000000020
0x000000030f5caae8:   0000000000000000 0dd9910c98dd005b
0x000000030f5caaf8:   0000000000000001 0000000000000200
0x000000030f5cab08:   0000000000001fa0 00007fa5c1588a00
0x000000030f5cab18:   0000600000872500 000000030f5cabc0
0x000000030f5cab28:   000000013015c9be 000000030f5cac50
0x000000030f5cab38:   000000030f5cac00 000000030f5cac90
0x000000030f5cab48:   0000000000000000 000000000f5caba0
0x000000030f5cab58:   00007fa5c1588a00 0000600003e2eb50
0x000000030f5cab68:   00001fa0249e19c9 0000000300009fe0
0x000000030f5cab78:   0dd9910c98dd005b 0dd9910c98dd005b
0x000000030f5cab88:   0000000000000000 0dd9910c98dd005b
0x000000030f5cab98:   0000000000000000 0000600000872500
0x000000030f5caba8:   0000000000000200 0000600000b9a710
0x000000030f5cabb8:   00007fa5c1588a00 000000030f5cad00
0x000000030f5cabc8:   0000000130057181 000000030f5cac01 

Instructions: (pc=0x0000000000000000)
0xffffffffffffffe0:   

Register to memory mapping:

RAX=0x000000012f1e9508: PlaybackBackend+0x20 in /Users/notjaxtaylor/Documents/GitHub/Arsenic/.gradle/loom-cache/natives/1.8.9/openal.dylib at 0x000000012f1a0000
RBX=0x00000000000161b0 is an unknown value
RCX=0x00007fa5f811c970 is an unknown value
RDX=0xfffffffffffffff0 is an unknown value
RSP=0x000000030f5ca9d8 is an unknown value
RBP=