#
# A fatal error has been detected by the Java Runtime Environment:
#
#  SIGSEGV (0xb) at pc=0x0000000000000000, pid=33664, tid=0x000000000001204f
#
# JRE version: Java(TM) SE Runtime Environment (8.0_202-b08) (build 1.8.0_202-b08)
# Java VM: Java HotSpot(TM) 64-Bit Server VM (25.202-b08 mixed mode bsd-amd64 compressed oops)
# Problematic frame:
# C  0x0000000000000000
#
# Failed to write core dump. Core dumps have been disabled. To enable core dumping, try "ulimit -c unlimited" before starting Java again
#
# If you would like to submit a bug report, please visit:
#   http://bugreport.java.com/bugreport/crash.jsp
#

---------------  T H R E A D  ---------------

Current thread is native thread

siginfo: si_signo: 11 (SIGSEGV), si_code: 1 (SEGV_MAPERR), si_addr: 0x0000000000000000

Registers:
RAX=0x000000012c89f508, RBX=0x00000000000161b0, RCX=0x00007f7bc8154970, RDX=0xfffffffffffffff0
RSP=0x0000000307eca9d8, RBP=0x0000000307ecaa80, RSI=0x0000000000000000, RDI=0x00007f7bc8140000
R8 =0x0000000000000200, R9 =0x000000012c7f93f0, R10=0x000000012cbec88e, R11=0x00006000001d9f80
R12=0x000000012c7f93a0, R13=0x00007f7bc8140000, R14=0x000000012c7f93f0, R15=0x0000000000000800
RIP=0x0000000000000000, EFLAGS=0x0000000000000246, ERR=0x0000000000000004
  TRAPNO=0x000000000000000e

Top of Stack: (sp=0x0000000307eca9d8)
0x0000000307eca9d8:   000000012c871639 0000000000000000
0x0000000307eca9e8:   0000000000000000 00007f7bc81481b0
0x0000000307eca9f8:   000000012c849000 00007f7bc81461b0
0x0000000307ecaa08:   0000020000000000 0000000000000000
0x0000000307ecaa18:   0000000000000800 9eab5ce400000200
0x0000000307ecaa28:   00007f7bc81441b0 00007f7bc8140000
0x0000000307ecaa38:   00000200249e19b6 000000000000001f
0x0000000307ecaa48:   000000030000037f 9eab5ce4062e00e2
0x0000000307ecaa58:   00007f7bc6f59cc0 000000012c7f93a0
0x0000000307ecaa68:   00007f7bc6f59c30 000000012c7f93f0
0x0000000307ecaa78:   00000000ffffd584 0000000307ecaa90
0x0000000307ecaa88:   000000012c8812ef 0000000307ecab20
0x0000000307ecaa98:   000000012cbe91ae 00007f7c04bba800
0x0000000307ecaaa8:   0000000307ecaaf8 00007f7c04bbaa50
0x0000000307ecaab8:   00007ff8157d0100 0000000307ecac00
0x0000000307ecaac8:   0000000000000200 0000000307ecac90
0x0000000307ecaad8:   00007ff800000200 0000000000000020
0x0000000307ecaae8:   0000000000000000 9eab5ce4062e00e2
0x0000000307ecaaf8:   0000000000000001 0000000000000200
0x0000000307ecab08:   0000000000001fa0 00007f7c04bba800
0x0000000307ecab18:   00006000002d5be0 0000000307ecabc0
0x0000000307ecab28:   000000012ccf29be 0000000307ecac50
0x0000000307ecab38:   0000000307ecac00 0000000307ecac90
0x0000000307ecab48:   0000000000000000 0000000007ecaba0
0x0000000307ecab58:   00007f7c04bba800 0000600003409290
0x0000000307ecab68:   00001fa0249e19c9 0000000000009fe0
0x0000000307ecab78:   00007f7c04bbacc8 0000000307ecabc0
0x0000000307ecab88:   000000012cc7d8b5 9eab5ce4062e00e2
0x0000000307ecab98:   0000000000000000 00006000002d5be0
0x0000000307ecaba8:   0000000000000200 00006000001d9f80
0x0000000307ecabb8:   00007f7c04bba800 0000000307ecad00
0x0000000307ecabc8:   000000012cbed181 0000000307ecac01 

Instructions: (pc=0x0000000000000000)
0xffffffffffffffe0:   

Register to memory mapping:

RAX=