#
# A fatal error has been detected by the Java Runtime Environment:
#
#  SIGSEGV (0xb) at pc=0x0000000000000000, pid=39418, tid=0x0000000000010f03
#
# JRE version: Java(TM) SE Runtime Environment (8.0_202-b08) (build 1.8.0_202-b08)
# Java VM: Java HotSpot(TM) 64-Bit Server VM (25.202-b08 mixed mode bsd-amd64 compressed oops)
# Problematic frame:
# C  0x0000000000000000
#
# Failed to write core dump. Core dumps have been disabled. To enable core dumping, try "ulimit -c unlimited" before starting Java again
#
# If you would like to submit a bug report, please visit:
#   http://bugreport.java.com/bugreport/crash.jsp
#

---------------  T H R E A D  ---------------

Current thread is native thread

siginfo: si_signo: 11 (SIGSEGV), si_code: 1 (SEGV_MAPERR), si_addr: 0x0000000000000000

Registers:
RAX=0x000000012d458508, RBX=0x00000000000161b0, RCX=0x00007fea1004c970, RDX=0xfffffffffffffff0
RSP=0x000000030b8b39d8, RBP=0x000000030b8b3a80, RSI=0x0000000000000000, RDI=0x00007fea10038000
R8 =0x0000000000000200, R9 =0x0000000123fd33f0, R10=0x000000012d7a488e, R11=0x000060000324a700
R12=0x0000000123fd33a0, R13=0x00007fea10038000, R14=0x0000000123fd33f0, R15=0x0000000000000800
RIP=0x0000000000000000, EFLAGS=0x0000000000000246, ERR=0x0000000000000004
  TRAPNO=0x000000000000000e

Top of Stack: (sp=0x000000030b8b39d8)
0x000000030b8b39d8:   000000012d42a639 0000000000000000
0x000000030b8b39e8:   0000000000000000 00007fea100401b0
0x000000030b8b39f8:   0000000128188000 00007fea1003e1b0
0x000000030b8b3a08:   0000020000000000 0000000000000000
0x000000030b8b3a18:   0000000000000800 3340268100000200
0x000000030b8b3a28:   00007fea1003c1b0 00007fea10038000
0x000000030b8b3a38:   00000200249e19b6 000000000000001f
0x000000030b8b3a48:   000000030000037f 334026816e6d001f
0x000000030b8b3a58:   00007fea4ffdfd70 0000000123fd33a0
0x000000030b8b3a68:   00007fea4ffdfce0 0000000123fd33f0
0x000000030b8b3a78:   00000000ffffd584 000000030b8b3a90
0x000000030b8b3a88:   000000012d43a2ef 000000030b8b3b20
0x000000030b8b3a98:   000000012d7a11ae 00007fe9fb2d6600
0x000000030b8b3aa8:   000000030b8b3af8 00007fe9fb2d6850
0x000000030b8b3ab8:   00007ff8157d0100 000000030b8b3c00
0x000000030b8b3ac8:   0000000000000200 000000030b8b3c90
0x000000030b8b3ad8:   00007ff800000200 0000000000000020
0x000000030b8b3ae8:   0000000000000000 334026816e6d001f
0x000000030b8b3af8:   0000000000000001 0000000000000200
0x000000030b8b3b08:   0000000000001fa0 00007fe9fb2d6600
0x000000030b8b3b18:   0000600003157ec0 000000030b8b3bc0
0x000000030b8b3b28:   000000012d8aa9be 000000030b8b3c50
0x000000030b8b3b38:   000000030b8b3c00 000000030b8b3c90
0x000000030b8b3b48:   0000000000000000 000000000b8b3ba0
0x000000030b8b3b58:   00007fe9fb2d6600 00006000007902c0
0x000000030b8b3b68:   00001fa0249e19c9 0000000300009fe0
0x000000030b8b3b78:   334026816e6d001f 334026816e6d001f
0x000000030b8b3b88:   0000000000000000 334026816e6d001f
0x000000030b8b3b98:   0000000000000000 0000600003157ec0
0x000000030b8b3ba8:   0000000000000200 000060000324a700
0x000000030b8b3bb8:   00007fe9fb2d6600 000000030b8b3d00
0x000000030b8b3bc8:   000000012d7a5181 000000030b8b3c01 

Instructions: (pc=0x0000000000000000)
0xffffffffffffffe0:   

Register to memory mapping:

RAX=