#
# A fatal error has been detected by the Java Runtime Environment:
#
#  SIGSEGV (0xb) at pc=0x0000000000000000, pid=34349, tid=0x0000000000012907
#
# JRE version: Java(TM) SE Runtime Environment (8.0_202-b08) (build 1.8.0_202-b08)
# Java VM: Java HotSpot(TM) 64-Bit Server VM (25.202-b08 mixed mode bsd-amd64 compressed oops)
# Problematic frame:
# C  0x0000000000000000
#
# Failed to write core dump. Core dumps have been disabled. To enable core dumping, try "ulimit -c unlimited" before starting Java again
#
# If you would like to submit a bug report, please visit:
#   http://bugreport.java.com/bugreport/crash.jsp
#

---------------  T H R E A D  ---------------

Current thread is native thread

siginfo: si_signo: 11 (SIGSEGV), si_code: 1 (SEGV_MAPERR), si_addr: 0x0000000000000000

Registers:
RAX=0x000000012b2b0508, RBX=0x00000000000161b0, RCX=0x00007fac30174970, RDX=0xfffffffffffffff0
RSP=0x000000030733e9d8, RBP=0x000000030733ea80, RSI=0x0000000000000000, RDI=0x00007fac30160000
R8 =0x0000000000000200, R9 =0x000000012855c3f0, R10=0x000000012c44688e, R11=0x0000600001d50000
R12=0x000000012855c3a0, R13=0x00007fac30160000, R14=0x000000012855c3f0, R15=0x0000000000000800
RIP=0x0000000000000000, EFLAGS=0x0000000000000246, ERR=0x0000000000000004
  TRAPNO=0x000000000000000e

Top of Stack: (sp=0x000000030733e9d8)
0x000000030733e9d8:   000000012b282639 0000000000000000
0x000000030733e9e8:   0000000000000000 00007fac301681b0
0x000000030733e9f8:   0000000128608000 00007fac301661b0
0x000000030733ea08:   0000020000000000 0000000000000000
0x000000030733ea18:   0000000000000800 3e97838200000200
0x000000030733ea28:   00007fac301641b0 00007fac30160000
0x000000030733ea38:   00000200249e19b6 000000000000001f
0x000000030733ea48:   000000030000037f 3e978382914f00cf
0x000000030733ea58:   00007fabeafca350 000000012855c3a0
0x000000030733ea68:   00007fabeafca2c0 000000012855c3f0
0x000000030733ea78:   00000000ffffd584 000000030733ea90
0x000000030733ea88:   000000012b2922ef 000000030733eb20
0x000000030733ea98:   000000012c4431ae 00007fabfefdec00
0x000000030733eaa8:   000000030733eaf8 00007fabfefdee50
0x000000030733eab8:   00007ff8157d0100 000000030733ec00
0x000000030733eac8:   0000000000000200 000000030733ec90
0x000000030733ead8:   00007ff800000200 0000000000000020
0x000000030733eae8:   0000000000000000 3e978382914f00cf
0x000000030733eaf8:   0000000000000001 0000000000000200
0x000000030733eb08:   0000000000001fa0 00007fabfefdec00
0x000000030733eb18:   0000600001eea540 000000030733ebc0
0x000000030733eb28:   000000012c54c9be 000000030733ec50
0x000000030733eb38:   000000030733ec00 000000030733ec90
0x000000030733eb48:   0000000000000000 000000000733eba0
0x000000030733eb58:   00007fabfefdec00 0000600002882680
0x000000030733eb68:   00001fa0249e19c9 0000000300009fe0
0x000000030733eb78:   3e978382914f00cf 3e978382914f00cf
0x000000030733eb88:   0000000000000000 3e978382914f00cf
0x000000030733eb98:   0000000000000000 0000600001eea540
0x000000030733eba8:   0000000000000200 0000600001d50000
0x000000030733ebb8:   00007fabfefdec00 000000030733ed00
0x000000030733ebc8:   000000012c447181 000000030733ec01 

Instructions: (pc=0x0000000000000000)
0xffffffffffffffe0:   

Register to memory mapping:

RAX=