#
# A fatal error has been detected by the Java Runtime Environment:
#
#  SIGSEGV (0xb) at pc=0x0000000000000000, pid=33912, tid=0x0000000000011ca7
#
# JRE version: Java(TM) SE Runtime Environment (8.0_202-b08) (build 1.8.0_202-b08)
# Java VM: Java HotSpot(TM) 64-Bit Server VM (25.202-b08 mixed mode bsd-amd64 compressed oops)
# Problematic frame:
# C  0x0000000000000000
#
# Failed to write core dump. Core dumps have been disabled. To enable core dumping, try "ulimit -c unlimited" before starting Java again
#
# If you would like to submit a bug report, please visit:
#   http://bugreport.java.com/bugreport/crash.jsp
#

---------------  T H R E A D  ---------------

Current thread is native thread

siginfo: si_signo: 11 (SIGSEGV), si_code: 1 (SEGV_MAPERR), si_addr: 0x0000000000000000

Registers:
RAX=0x00000001308d7508, RBX=0x00000000000161b0, RCX=0x00007fa0d142c970, RDX=0xfffffffffffffff0
RSP=0x000000030f9979d8, RBP=0x000000030f997a80, RSI=0x0000000000000000, RDI=0x00007fa0d1418000
R8 =0x0000000000000200, R9 =0x0000000125f173f0, R10=0x0000000130c2388e, R11=0x000060000158e610
R12=0x0000000125f173a0, R13=0x00007fa0d1418000, R14=0x0000000125f173f0, R15=0x0000000000000800
RIP=0x0000000000000000, EFLAGS=0x0000000000000246, ERR=0x0000000000000004
  TRAPNO=0x000000000000000e

Top of Stack: (sp=0x000000030f9979d8)
0x000000030f9979d8:   00000001308a9639 0000000000000000
0x000000030f9979e8:   0000000000000000 00007fa0d14201b0
0x000000030f9979f8:   0000000134db8000 00007fa0d141e1b0
0x000000030f997a08:   0000020000000000 0000000000000000
0x000000030f997a18:   0000000000000800 7040f79b00000200
0x000000030f997a28:   00007fa0d141c1b0 00007fa0d1418000
0x000000030f997a38:   00000200249e19b6 000000000000001f