#
# A fatal error has been detected by the Java Runtime Environment:
#
#  SIGSEGV (0xb) at pc=0x0000000000000000, pid=40395, tid=0x0000000000020bcb
#
# JRE version: Java(TM) SE Runtime Environment (8.0_202-b08) (build 1.8.0_202-b08)
# Java VM: Java HotSpot(TM) 64-Bit Server VM (25.202-b08 mixed mode bsd-amd64 compressed oops)
# Problematic frame:
# C  0x0000000000000000
#
# Failed to write core dump. Core dumps have been disabled. To enable core dumping, try "ulimit -c unlimited" before starting Java again
#
# If you would like to submit a bug report, please visit:
#   http://bugreport.java.com/bugreport/crash.jsp
#

---------------  T H R E A D  ---------------

Current thread is native thread

siginfo: si_signo: 11 (SIGSEGV), si_code: 1 (SEGV_MAPERR), si_addr: 0x0000000000000000

Registers:
RAX=0x000000012df65508, RBX=0x00000000000161b0, RCX=0x00007f8b6011c970, RDX=0xfffffffffffffff0
RSP=0x000000030aa7a9d8, RBP=0x000000030aa7aa80, RSI=0x0000000000000000, RDI=0x00007f8b60108000
R8 =0x0000000000000200, R9 =0x00000001238173f0, R10=0x000000012e2b188e, R11=0x00006000035c5e30
R12=0x00000001238173a0, R13=0x00007f8b60108000, R14=0x00000001238173f0, R15=0x0000000000000800
RIP=0x0000000000000000, EFLAGS=0x0000000000000246, ERR=0x0000000000000004
  TRAPNO=0x000000000000000e

Top of Stack: (sp=0x000000030aa7a9d8)
0x000000030aa7a9d8:   000000012df37639 0000000000000000
0x000000030aa7a9e8:   0000000000000000 00007f8b601101b0
0x000000030aa7a9f8:   0000000128c44000 00007f8b6010e1b0
0x000000030aa7aa08:   0000020000000000 0000000000000000
0x000000030aa7aa18:   0000000000000800 331361ab00000200
0x000000030aa7aa28:   00007f8b6010c1b0 00007f8b60108000
0x000000030aa7aa38:   00000200249e19b6 000000000000001f
0x000000030aa7aa48:   000000030000037f 331361abffdd0021
0x000000030aa7aa58:   00007f8b7f162a70 00000001238173a0
0x000000030aa7aa68:   00007f8b7f1629e0 00000001238173f0
0x000000030aa7aa78:   00000000ffffd584 000000030aa7aa90
0x000000030aa7aa88:   000000012df472ef 000000030aa7ab20
0x000000030aa7aa98:   000000012e2ae1ae 00007f8b7da0ba00
0x000000030aa7aaa8:   000000030aa7aaf8 00007f8b7da0bc50
0x000000030aa7aab8:   00007ff8157d0100 000000030aa7ac00
0x000000030aa7aac8:   0000000000000200 000000030aa7ac90
0x000000030aa7aad8:   00007ff800000200 0000000000000020
0x000000030aa7aae8:   0000000000000000 331361abffdd0021
0x000000030aa7aaf8:   0000000000000001 0000000000000200
0x000000030aa7ab08:   0000000000001fa0 00007f8b7da0ba00
0x000000030aa7ab18:   00006000036dbb80 000000030aa7abc0
0x000000030aa7ab28:   000000012e3b79be 000000030aa7ac50
0x000000030aa7ab38:   000000030aa7ac00 000000030aa7ac90
0x000000030aa7ab48:   0000000000000000 000000000aa7aba0
0x000000030aa7ab58:   00007f8b7da0ba00 00006000000775a0
0x000000030aa7ab68:   00001fa0249e19c9 0000000300009fe0
0x000000030aa7ab78:   331361abffdd0021 331361abffdd0021
0x000000030aa7ab88:   0000000000000000 331361abffdd0021
0x000000030aa7ab98:   0000000000000000 00006000036dbb80
0x000000030aa7aba8:   0000000000000200 00006000035c5e30
0x000000030aa7abb8:   00007f8b7da0ba00 000000030aa7ad00
0x000000030aa7abc8:   000000012e2b2181 000000030aa7ac01 

Instructions: (pc=0x0000000000000000)
0xffffffffffffffe0:   

Register to memory mapping:

RAX=