#
# A fatal error has been detected by the Java Runtime Environment:
#
#  SIGSEGV (0xb) at pc=0x0000000000000000, pid=34938, tid=0x0000000000013853
#
# JRE version: Java(TM) SE Runtime Environment (8.0_202-b08) (build 1.8.0_202-b08)
# Java VM: Java HotSpot(TM) 64-Bit Server VM (25.202-b08 mixed mode bsd-amd64 compressed oops)
# Problematic frame:
# C  0x0000000000000000
#
# Failed to write core dump. Core dumps have been disabled. To enable core dumping, try "ulimit -c unlimited" before starting Java again
#
# If you would like to submit a bug report, please visit:
#   http://bugreport.java.com/bugreport/crash.jsp
#

---------------  T H R E A D  ---------------

Current thread is native thread

siginfo: si_signo: 11 (SIGSEGV), si_code: 1 (SEGV_MAPERR), si_addr: 0x0000000000000000

Registers:
RAX=0x000000012d1c5508, RBX=0x00000000000161b0, RCX=0x00007fa8d9eac970, RDX=0xfffffffffffffff0
RSP=0x000000030af619d8, RBP=0x000000030af61a80, RSI=0x0000000000000000, RDI=0x00007fa8d9e98000
R8 =0x0000000000000200, R9 =0x0000000123cc93f0, R10=0x000000012ee7388e, R11=0x0000600001898b60
R12=0x0000000123cc93a0, R13=0x00007fa8d9e98000, R14=0x0000000123cc93f0, R15=0x0000000000000800
RIP=0x0000000000000000, EFLAGS=0x0000000000000246, ERR=0x0000000000000004
  TRAPNO=0x000000000000000e

Top of Stack: (sp=0x000000030af619d8)
0x000000030af619d8:   000000012d197639 0000000000000000
0x000000030af619e8:   0000000000000000 00007fa8d9ea01b0
0x000000030af619f8:   0000000132b80000 00007fa8d9e9e1b0
0x000000030af61a08:   0000020000000000 0000000000000000
0x000000030af61a18:   0000000000000800 207c7faa00000200
0x000000030af61a28:   00007fa8d9e9c1b0 00007fa8d9e98000
0x000000030af61a38:   00000200249e19b6 000000000000001f
0x000000030af61a48:   000000030000037f 207c7faaf7e500fd
0x000000030af61a58:   00007fa8e7fa3cd0 0000000123cc93a0
0x000000030af61a68:   00007fa8e7fa3c40 0000000123cc93f0
0x000000030af61a78:   00000000ffffd584 000000030af61a90
0x000000030af61a88:   000000012d1a72ef 000000030af61b20
0x000000030af61a98:   000000012ee701ae 00007fa8e95a2000
0x000000030af61aa8:   000000030af61af8 00007fa8e95a2250
0x000000030af61ab8:   00007ff8157d0100 000000030af61c00
0x000000030af61ac8:   0000000000000200 000000030af61c90
0x000000030af61ad8:   00007ff800000200 0000000000000020
0x000000030af61ae8:   0000000000000000 207c7faaf7e500fd
0x000000030af61af8:   0000000000000001 0000000000000200
0x000000030af61b08:   0000000000001fa0 00007fa8e95a2000
0x000000030af61b18:   0000600001b7cb60 000000030af61bc0
0x000000030af61b28:   000000012ef799be 000000030af61c50
0x000000030af61b38:   000000030af61c00 000000030af61c90
0x000000030af61b48:   0000000000000000 000000000af61ba0
0x000000030af61b58:   00007fa8e95a2000 0000600002da48f0
0x000000030af61b68:   00001fa0249e19c9 0000000300009fe0
0x000000030af61b78:   207c7faaf7e500fd 207c7faaf7e500fd
0x000000030af61b88:   0000000000000000 207c7faaf7e500fd
0x000000030af61b98:   0000000000000000 0000600001b7cb60
0x000000030af61ba8:   0000000000000200 0000600001898b60
0x000000030af61bb8:   00007fa8e95a2000 000000030af61d00
0x000000030af61bc8:   000000012ee74181 000000030af61c01 

Instructions: (pc=0x0000000000000000)
0xffffffffffffffe0:   

Register to memory mapping:

RAX=