#
# A fatal error has been detected by the Java Runtime Environment:
#
#  SIGSEGV (0xb) at pc=0x0000000000000000, pid=33475, tid=0x000000000001211b
#
# JRE version: Java(TM) SE Runtime Environment (8.0_202-b08) (build 1.8.0_202-b08)
# Java VM: Java HotSpot(TM) 64-Bit Server VM (25.202-b08 mixed mode bsd-amd64 compressed oops)
# Problematic frame:
# C  0x0000000000000000
#
# Failed to write core dump. Core dumps have been disabled. To enable core dumping, try "ulimit -c unlimited" before starting Java again
#
# If you would like to submit a bug report, please visit:
#   http://bugreport.java.com/bugreport/crash.jsp
#

---------------  T H R E A D  ---------------

Current thread is native thread

siginfo: si_signo: 11 (SIGSEGV), si_code: 1 (SEGV_MAPERR), si_addr: 0x0000000000000000

Registers:
RAX=0x000000012dcf4508, RBX=0x00000000000161b0, RCX=0x00007fcb8003c970, RDX=0xfffffffffffffff0
RSP=0x000000030a33a9d8, RBP=0x000000030a33aa80, RSI=0x0000000000000000, RDI=0x00007fcb80028000
R8 =0x0000000000000200, R9 =0x000000012dc3f3f0, R10=0x000000012e04088e, R11=0x0000600002255580
R12=0x000000012dc3f3a0, R13=0x00007fcb80028000, R14=0x000000012dc3f3f0, R15=0x0000000000000800
RIP=0x0000000000000000, EFLAGS=0x0000000000000246, ERR=0x0000000000000004
  TRAPNO=0x000000000000000e

Top of Stack: (sp=0x000000030a33a9d8)
0x000000030a33a9d8:   000000012dcc6639 0000000000000000
0x000000030a33a9e8:   0000000000000000 00007fcb800301b0
0x000000030a33a9f8:   000000012dc70000 00007fcb8002e1b0
0x000000030a33aa08:   0000020000000000 0000000000000000
0x000000030a33aa18:   0000000000000800 937d30de00000200
0x000000030a33aa28:   00007fcb8002c1b0 00007fcb80028000
0x000000030a33aa38:   00000200249e19b6 000000000000001f
0x000000030a33aa48:   000000030000037f 937d30de9e6d00ba
0x000000030a33aa58:   00007fcb8b75ab80 000000012dc3f3a0
0x000000030a33aa68:   00007fcb8b75aaf0 000000012dc3f3f0
0x000000030a33aa78:   00000000ffffd584 000000030a33aa90
0x000000030a33aa88:   000000012dcd62ef 000000030a33ab20
0x000000030a33aa98:   000000012e03d1ae 00007fcb3ff3e200
0x000000030a33aaa8:   000000030a33aaf8 00007fcb3ff3e450
0x000000030a33aab8:   00007ff8157d0100 000000030a33ac00
0x000000030a33aac8:   0000000000000200 000000030a33ac90
0x000000030a33aad8:   00007ff800000200 0000000000000020
0x000000030a33aae8:   0000000000000000 937d30de9e6d00ba
0x000000030a33aaf8:   0000000000000001 0000000000000200
0x000000030a33ab08:   0000000000001fa0 00007fcb3ff3e200
0x000000030a33ab18:   0000600002157180 000000030a33abc0
0x000000030a33ab28:   000000012e1469be 000000030a33ac50
0x000000030a33ab38:   000000030a33ac00 000000030a33ac90
0x000000030a33ab48:   0000000000000000 000000000a33aba0
0x000000030a33ab58:   00007fcb3ff3e200 00006000017f84d0
0x000000030a33ab68:   00001fa0249e19c9 0000000300009fe0
0x000000030a33ab78:   937d30de9e6d00ba 937d30de9e6d00ba
0x000000030a33ab88:   0000000000000000 937d30de9e6d00ba
0x000000030a33ab98:   0000000000000000 0000600002157180
0x000000030a33aba8:   0000000000000200 0000600002255580
0x000000030a33abb8:   00007fcb3ff3e200 000000030a33ad00
0x000000030a33abc8:   000000012e041181 000000030a33ac01 

Instructions: (pc=0x0000000000000000)
0xffffffffffffffe0:   

Register to memory mapping:

RAX=