#
# A fatal error has been detected by the Java Runtime Environment:
#
#  SIGSEGV (0xb) at pc=0x0000000000000000, pid=35424, tid=0x0000000000013363
#
# JRE version: Java(TM) SE Runtime Environment (8.0_202-b08) (build 1.8.0_202-b08)
# Java VM: Java HotSpot(TM) 64-Bit Server VM (25.202-b08 mixed mode bsd-amd64 compressed oops)
# Problematic frame:
# C  0x0000000000000000
#
# Failed to write core dump. Core dumps have been disabled. To enable core dumping, try "ulimit -c unlimited" before starting Java again
#
# If you would like to submit a bug report, please visit:
#   http://bugreport.java.com/bugreport/crash.jsp
#

---------------  T H R E A D  ---------------

Current thread is native thread

siginfo: si_signo: 11 (SIGSEGV), si_code: 1 (SEGV_MAPERR), si_addr: 0x0000000000000000

Registers:
RAX=0x00000001303b4508, RBX=0x00000000000161b0, RCX=0x00007fda300d4970, RDX=0xfffffffffffffff0
RSP=0x00000003100e89d8, RBP=0x00000003100e8a80, RSI=0x0000000000000000, RDI=0x00007fda300c0000
R8 =0x0000000000000200, R9 =0x000000012c6fb3f0, R10=0x000000013070088e, R11=0x0000600003de4320
R12=0x000000012c6fb3a0, R13=0x00007fda300c0000, R14=0x000000012c6fb3f0, R15=0x0000000000000800
RIP=0x0000000000000000, EFLAGS=0x0000000000000246, ERR=0x0000000000000004
  TRAPNO=0x000000000000000e

Top of Stack: (sp=0x00000003100e89d8)
0x00000003100e89d8:   0000000130386639 0000000000000000
0x00000003100e89e8:   0000000000000000 00007fda300c81b0
0x00000003100e89f8:   000000012c7fa000 00007fda300c61b0
0x00000003100e8a08:   0000020000000000 0000000000000000
0x00000003100e8a18:   0000000000000800 5b681b1b00000200
0x00000003100e8a28:   00007fda300c41b0 00007fda300c0000
0x00000003100e8a38:   00000200249e19b6 000000000000001f
0x00000003100e8a48:   000000030000037f 5b681b1bff5c009b
0x00000003100e8a58:   00007fda3c080870 000000012c6fb3a0
0x00000003100e8a68:   00007fda3c0807e0 000000012c6fb3f0
0x00000003100e8a78:   00000000ffffd584 00000003100e8a90
0x00000003100e8a88:   00000001303962ef 00000003100e8b20
0x00000003100e8a98:   00000001306fd1ae 00007fd9de17ae00
0x00000003100e8aa8:   00000003100e8af8 00007fd9de17b050
0x00000003100e8ab8:   00007ff8157d0100 00000003100e8c00
0x00000003100e8ac8:   0000000000000200 00000003100e8c90
0x00000003100e8ad8:   00007ff800000200 0000000000000020
0x00000003100e8ae8:   0000000000000000 5b681b1bff5c009b
0x00000003100e8af8:   0000000000000001 0000000000000200
0x00000003100e8b08:   0000000000001fa0 00007fd9de17ae00
0x00000003100e8b18:   0000600003e171a0 00000003100e8bc0
0x00000003100e8b28:   00000001308069be 00000003100e8c50
0x00000003100e8b38:   00000003100e8c00 00000003100e8c90
0x00000003100e8b48:   0000000000000000 00000000100e8ba0
0x00000003100e8b58:   00007fd9de17ae00 000060000084eec0
0x00000003100e8b68:   00001fa0249e19c9 0000000300009fe0
0x00000003100e8b78:   5b681b1bff5c009b 5b681b1bff5c009b
0x00000003100e8b88:   0000000000000000 5b681b1bff5c009b
0x00000003100e8b98:   0000000000000000 0000600003e171a0
0x00000003100e8ba8:   0000000000000200 0000600003de4320
0x00000003100e8bb8:   00007fd9de17ae00 00000003100e8d00
0x00000003100e8bc8:   0000000130701181 00000003100e8c01 

Instructions: (pc=0x0000000000000000)
0xffffffffffffffe0:   

Register to memory mapping:

RAX=