#
# A fatal error has been detected by the Java Runtime Environment:
#
#  SIGSEGV (0xb) at pc=0x0000000000000000, pid=39664, tid=0x0000000000020157
#
# JRE version: Java(TM) SE Runtime Environment (8.0_202-b08) (build 1.8.0_202-b08)
# Java VM: Java HotSpot(TM) 64-Bit Server VM (25.202-b08 mixed mode bsd-amd64 compressed oops)
# Problematic frame:
# C  0x0000000000000000
#
# Failed to write core dump. Core dumps have been disabled. To enable core dumping, try "ulimit -c unlimited" before starting Java again
#
# If you would like to submit a bug report, please visit:
#   http://bugreport.java.com/bugreport/crash.jsp
#

---------------  T H R E A D  ---------------

Current thread is native thread

siginfo: si_signo: 11 (SIGSEGV), si_code: 1 (SEGV_MAPERR), si_addr: 0x0000000000000000

Registers:
RAX=0x000000012de42508, RBX=0x00000000000161b0, RCX=0x00007fe1d810c970, RDX=0xfffffffffffffff0
RSP=0x000000030a94e9d8, RBP=0x000000030a94ea80, RSI=0x0000000000000000, RDI=0x00007fe1d80f8000
R8 =0x0000000000000200, R9 =0x000000012ddb13f0, R10=0x000000012e18f88e, R11=0x0000600001625c00
R12=0x000000012ddb13a0, R13=0x00007fe1d80f8000, R14=0x000000012ddb13f0, R15=0x0000000000000800
RIP=0x0000000000000000, EFLAGS=0x0000000000000246, ERR=0x0000000000000004
  TRAPNO=0x000000000000000e

Top of Stack: (sp=0x000000030a94e9d8)
0x000000030a94e9d8:   000000012de14639 0000000000000000
0x000000030a94e9e8:   0000000000000000 00007fe1d81001b0
0x000000030a94e9f8:   000000012dddc000 00007fe1d80fe1b0
0x000000030a94ea08:   0000020000000000 0000000000000000
0x000000030a94ea18:   0000000000000800 d4573e2400000200
0x000000030a94ea28:   00007fe1d80fc1b0 00007fe1d80f8000
0x000000030a94ea38:   00000200249e19b6 000000000000001f
0x000000030a94ea48:   000000030000037f d4573e240d360099
0x000000030a94ea58:   00007fe18f157090 000000012ddb13a0
0x000000030a94ea68:   00007fe18f157000 000000012ddb13f0
0x000000030a94ea78:   00000000ffffd584 000000030a94ea90
0x000000030a94ea88:   000000012de242ef 000000030a94eb20
0x000000030a94ea98:   000000012e18c1ae 00007fe18a823400
0x000000030a94eaa8:   000000030a94eaf8 00007fe18a823650
0x000000030a94eab8:   00007ff8157d0100 000000030a94ec00
0x000000030a94eac8:   0000000000000200 000000030a94ec90
0x000000030a94ead8:   00007ff800000200 0000000000000020
0x000000030a94eae8:   0000000000000000 d4573e240d360099
0x000000030a94eaf8:   0000000000000001 0000000000000200
0x000000030a94eb08:   0000000000001fa0 00007fe18a823400
0x000000030a94eb18:   000060000152d080 000000030a94ebc0
0x000000030a94eb28:   000000012e2959be 000000030a94ec50
0x000000030a94eb38:   000000030a94ec00 000000030a94ec90
0x000000030a94eb48:   0000000000000000 000000000a94eba0
0x000000030a94eb58:   00007fe18a823400 00006000023e4f20
0x000000030a94eb68:   00001fa0249e19c9 0000000300009fe0
0x000000030a94eb78:   d4573e240d360099 d4573e240d360099
0x000000030a94eb88:   0000000000000000 d4573e240d360099
0x000000030a94eb98:   0000000000000000 000060000152d080
0x000000030a94eba8:   0000000000000200 0000600001625c00
0x000000030a94ebb8:   00007fe18a823400 000000030a94ed00
0x000000030a94ebc8:   000000012e190181 000000030a94ec01 

Instructions: (pc=0x0000000000000000)
0xffffffffffffffe0:   

Register to memory mapping:

RAX=0x000000012de42508: PlaybackBackend+0x20 in /Users/notjaxtaylor/Documents/GitHub/Arsenic/.gradle/loom-cache/natives/1.8.9/openal.dylib at 0x000000012ddf9000
RBX=0x00000000000161b0 is an unknown value
RCX=0x00007fe1d810c970 is an unknown value
RDX=0xfffffffffffffff0 is an unknown value
RSP=0x000000030a94e9d8 is an unknown value
RBP=0x000000030a94ea80 is an unknown value
RSI=0x0000000000000000 is an unknown value
RDI=0x00007fe1d80f8000 is an unknown value
R8 =0x0000000000000200 is an unknown value
R9 =0x000000012ddb13f0 is an unknown value
R10=