#
# A fatal error has been detected by the Java Runtime Environment:
#
#  SIGSEGV (0xb) at pc=0x0000000000000000, pid=32893, tid=0x0000000000012a3b
#
# JRE version: Java(TM) SE Runtime Environment (8.0_202-b08) (build 1.8.0_202-b08)
# Java VM: Java HotSpot(TM) 64-Bit Server VM (25.202-b08 mixed mode bsd-amd64 compressed oops)
# Problematic frame:
# C  0x0000000000000000
#
# Failed to write core dump. Core dumps have been disabled. To enable core dumping, try "ulimit -c unlimited" before starting Java again
#
# If you would like to submit a bug report, please visit:
#   http://bugreport.java.com/bugreport/crash.jsp
#

---------------  T H R E A D  ---------------

Current thread is native thread

siginfo: si_signo: 11 (SIGSEGV), si_code: 1 (SEGV_MAPERR), si_addr: 0x0000000000000000

Registers:
RAX=0x000000012bbf8508, RBX=0x00000000000161b0, RCX=0x00007fb3580c4970, RDX=0xfffffffffffffff0
RSP=0x000000030667e9d8, RBP=0x000000030667ea80, RSI=0x0000000000000000, RDI=0x00007fb3580b0000
R8 =0x0000000000000200, R9 =0x000000012194e3f0, R10=0x000000012bf4488e, R11=0x00006000000a9060
R12=0x000000012194e3a0, R13=0x00007fb3580b0000, R14=0x000000012194e3f0, R15=0x0000000000000800
RIP=0x0000000000000000, EFLAGS=0x0000000000000246, ERR=0x0000000000000004
  TRAPNO=0x000000000000000e

Top of Stack: (sp=0x000000030667e9d8)
0x000000030667e9d8:   000000012bbca639 0000000000000000
0x000000030667e9e8:   0000000000000000 00007fb3580b81b0
0x000000030667e9f8:   0000000127810000 00007fb3580b61b0
0x000000030667ea08:   0000020000000000 0000000000000000
0x000000030667ea18:   0000000000000800 cfce89fb00000200
0x000000030667ea28:   00007fb3580b41b0 00007fb3580b0000
0x000000030667ea38:   00000200249e19b6 000000000000001f
0x000000030667ea48:   000000030000037f cfce89fbd6320080
0x000000030667ea58:   00007fb36a12e480 000000012194e3a0
0x000000030667ea68:   00007fb36a12e3f0 000000012194e3f0
0x000000030667ea78:   00000000ffffd584 000000030667ea90
0x000000030667ea88:   000000012bbda2ef 000000030667eb20
0x000000030667ea98:   000000012bf411ae 00007fb369ffc600
0x000000030667eaa8:   000000030667eaf8 00007fb369ffc850
0x000000030667eab8:   00007ff8157d0100 000000030667ec00
0x000000030667eac8:   0000000000000200 000000030667ec90
0x000000030667ead8:   00007ff800000200 0000000000000020
0x000000030667eae8:   0000000000000000 cfce89fbd6320080
0x000000030667eaf8:   0000000000000001 0000000000000200
0x000000030667eb08:   0000000000001fa0 00007fb369ffc600
0x000000030667eb18:   00006000003bdd40 000000030667ebc0
0x000000030667eb28:   000000012c04a9be 000000030667ec50
0x000000030667eb38:   000000030667ec00 000000030667ec90
0x000000030667eb48:   0000000000000000 000000000667eba0
0x000000030667eb58:   00007fb369ffc600 0000600003566260
0x000000030667eb68:   00001fa0249e19c9 0000000300009fe0
0x000000030667eb78:   cfce89fbd6320080 cfce89fbd6320080
0x000000030667eb88:   0000000000000000 cfce89fbd6320080
0x000000030667eb98:   0000000000000000 00006000003bdd40
0x000000030667eba8:   0000000000000200 00006000000a9060
0x000000030667ebb8:   00007fb369ffc600 000000030667ed00
0x000000030667ebc8:   000000012bf45181 000000030667ec01 

Instructions: (pc=0x0000000000000000)
0xffffffffffffffe0:   

Register to memory mapping:

RAX=0x000000012bbf8508: PlaybackBackend+0x20 in /Users/notjaxtaylor/Documents/GitHub/Arsenic/.gradle/loom-cache/natives/1.8.9/openal.dylib at 0x000000012bbaf000
RBX=0x00000000000161b0 is an unknown value
RCX=0x00007fb3580c4970 is an unknown value
RDX=0xfffffffffffffff0 is an unknown value
RSP=0x000000030667e9d8 is an unknown value
RBP=0x000000030667ea80 is an unknown value
RSI=0x0000000000000000 is an unknown value
RDI=0x00007fb3580b0000 is an unknown value
R8 =0x0000000000000200 is an unknown value
R9 =0x000000012194e3f0 is an unknown value
R10=0x000000012bf4488e: AUGenericOutputFactory+0x1e16 in /System/Library/Components/CoreAudio.component/Contents/MacOS/CoreAudio at 0x000000012bf39000
R11=