#
# A fatal error has been detected by the Java Runtime Environment:
#
#  SIGSEGV (0xb) at pc=0x0000000000000000, pid=35337, tid=0x0000000000011f07
#
# JRE version: Java(TM) SE Runtime Environment (8.0_202-b08) (build 1.8.0_202-b08)
# Java VM: Java HotSpot(TM) 64-Bit Server VM (25.202-b08 mixed mode bsd-amd64 compressed oops)
# Problematic frame:
# C  0x0000000000000000
#
# Failed to write core dump. Core dumps have been disabled. To enable core dumping, try "ulimit -c unlimited" before starting Java again
#
# If you would like to submit a bug report, please visit:
#   http://bugreport.java.com/bugreport/crash.jsp
#

---------------  T H R E A D  ---------------

Current thread is native thread

siginfo: si_signo: 11 (SIGSEGV), si_code: 1 (SEGV_MAPERR), si_addr: 0x0000000000000000

Registers:
RAX=0x000000012ba6d508, RBX=0x00000000000161b0, RCX=0x00007f77a9ccc970, RDX=0xfffffffffffffff0
RSP=0x00000003060ce9d8, RBP=0x00000003060cea80, RSI=0x0000000000000000, RDI=0x00007f77a9cb8000
R8 =0x0000000000000200, R9 =0x00000001214ed3f0, R10=0x000000012bdb988e, R11=0x00006000019f8b10
R12=0x00000001214ed3a0, R13=0x00007f77a9cb8000, R14=0x00000001214ed3f0, R15=0x0000000000000800
RIP=0x0000000000000000, EFLAGS=0x0000000000000246, ERR=0x0000000000000004
  TRAPNO=0x000000000000000e

Top of Stack: (sp=0x00000003060ce9d8)
0x00000003060ce9d8:   000000012ba3f639 0000000000000000
0x00000003060ce9e8:   0000000000000000 00007f77a9cc01b0
0x00000003060ce9f8:   00000001305b0000 00007f77a9cbe1b0
0x00000003060cea08:   0000020000000000 0000000000000000
0x00000003060cea18:   0000000000000800 652c8ea400000200
0x00000003060cea28:   00007f77a9cbc1b0 00007f77a9cb8000
0x00000003060cea38:   00000200249e19b6 000000000000001f
0x00000003060cea48:   000000030000037f 652c8ea46d1200cf
0x00000003060cea58:   00007f77c2942c40 00000001214ed3a0
0x00000003060cea68:   00007f77c2942bb0 00000001214ed3f0
0x00000003060cea78:   00000000ffffd584 00000003060cea90
0x00000003060cea88:   000000012ba4f2ef 00000003060ceb20
0x00000003060cea98:   000000012bdb61ae 00007f7794ffa400
0x00000003060ceaa8:   00000003060ceaf8 00007f7794ffa650
0x00000003060ceab8:   00007ff8157d0100 00000003060cec00
0x00000003060ceac8:   0000000000000200 00000003060cec90
0x00000003060cead8:   00007ff800000200 0000000000000020
0x00000003060ceae8:   0000000000000000 652c8ea46d1200cf
0x00000003060ceaf8:   0000000000000001 0000000000000200
0x00000003060ceb08:   0000000000001fa0 00007f7794ffa400
0x00000003060ceb18:   0000600001a57aa0 00000003060cebc0
0x00000003060ceb28:   000000012bebf9be 00000003060cec50
0x00000003060ceb38:   00000003060cec00 00000003060cec90
0x00000003060ceb48:   0000000000000000 00000000060ceba0
0x00000003060ceb58:   00007f7794ffa400 0000600002c55a20
0x00000003060ceb68:   00001fa0249e19c9 0000000300009fe0
0x00000003060ceb78:   652c8ea46d1200cf 652c8ea46d1200cf
0x00000003060ceb88:   0000000000000000 652c8ea46d1200cf
0x00000003060ceb98:   0000000000000000 0000600001a57aa0
0x00000003060ceba8:   0000000000000200 00006000019f8b10
0x00000003060cebb8:   00007f7794ffa400 00000003060ced00
0x00000003060cebc8:   000000012bdba181 00000003060cec01 

Instructions: (pc=0x0000000000000000)
0xffffffffffffffe0:   

Register to memory mapping:

RAX=0x000000012ba6d508: PlaybackBackend+0x20 in /Users/notjaxtaylor/Documents/GitHub/Arsenic/.gradle/loom-cache/natives/1.8.9/openal.dylib at 0x000000012ba24000
RBX=0x00000000000161b0 is an unknown value
RCX=0x00007f77a9ccc970 is an unknown value
RDX=0xfffffffffffffff0 is an unknown value
RSP=0x00000003060ce9d8 is an unknown value
RBP=0x00000003060cea80 is an unknown value
RSI=0x0000000000000000 is an unknown value
RDI=0x00007f77a9cb8000 is an unknown value
R8 =0x0000000000000200 is an unknown value
R9 =0x00000001214ed3f0 is an unknown value
R10=0x000000012bdb988e: AUGenericOutputFactory+0x1e16 in /System/Library/Components/CoreAudio.component/Contents/MacOS/CoreAudio at 0x000000012bdae000
R11=0x00006000019f8b10 is an unknown value
R12=0x00000001214ed3a0 is an unknown value
R13=0x00007f77a9cb8000 is an unknown value
R14=0x00000001214ed3f0 is an unknown value
R15=0x0000000000000800 is an unknown value
