#
# A fatal error has been detected by the Java Runtime Environment:
#
#  SIGSEGV (0xb) at pc=0x0000000000000000, pid=38354, tid=0x000000000001390f
#
# JRE version: Java(TM) SE Runtime Environment (8.0_202-b08) (build 1.8.0_202-b08)
# Java VM: Java HotSpot(TM) 64-Bit Server VM (25.202-b08 mixed mode bsd-amd64 compressed oops)
# Problematic frame:
# C  0x0000000000000000
#
# Failed to write core dump. Core dumps have been disabled. To enable core dumping, try "ulimit -c unlimited" before starting Java again
#
# If you would like to submit a bug report, please visit:
#   http://bugreport.java.com/bugreport/crash.jsp
#

---------------  T H R E A D  ---------------

Current thread is native thread

siginfo: si_signo: 11 (SIGSEGV), si_code: 1 (SEGV_MAPERR), si_addr: 0x0000000000000000

Registers:
RAX=0x000000012e7d8508, RBX=0x00000000000161b0, RCX=0x00007fd5904c4970, RDX=0xfffffffffffffff0
RSP=0x000000030bb369d8, RBP=0x000000030bb36a80, RSI=0x0000000000000000, RDI=0x00007fd5904b0000
R8 =0x0000000000000200, R9 =0x0000000123e733f0, R10=0x000000012eb2488e, R11=0x00006000020c27f0
R12=0x0000000123e733a0, R13=0x00007fd5904b0000, R14=0x0000000123e733f0, R15=0x0000000000000800
RIP=0x0000000000000000, EFLAGS=0x0000000000000246, ERR=0x0000000000000004
  TRAPNO=0x000000000000000e

Top of Stack: (sp=0x000000030bb369d8)
0x000000030bb369d8:   000000012e7aa639 0000000000000000
0x000000030bb369e8:   0000000000000000 00007fd5904b81b0
0x000000030bb369f8:   0000000132d1c000 00007fd5904b61b0
0x000000030bb36a08:   0000020000000000 0000000000000000
0x000000030bb36a18:   0000000000000800 5ff9b55900000200
0x000000030bb36a28:   00007fd5904b41b0 00007fd5904b0000
0x000000030bb36a38:   00000200249e19b6 000000000000001f
0x000000030bb36a48:   000000030000037f 5ff9b559d75a002f
0x000000030bb36a58:   00007fd5b984ee50 0000000123e733a0
0x000000030bb36a68:   00007fd5b984edc0 0000000123e733f0
0x000000030bb36a78:   00000000ffffd584 000000030bb36a90
0x000000030bb36a88:   000000012e7ba2ef 000000030bb36b20
0x000000030bb36a98:   000000012eb211ae 00007fd5af396400
0x000000030bb36aa8:   000000030bb36af8 00007fd5af396650
0x000000030bb36ab8:   00007ff8157d0100 000000030bb36c00
0x000000030bb36ac8:   0000000000000200 000000030bb36c90
0x000000030bb36ad8:   00007ff800000200 0000000000000020
0x000000030bb36ae8:   0000000000000000 5ff9b559d75a002f
0x000000030bb36af8:   0000000000000001 0000000000000200
0x000000030bb36b08:   0000000000001fa0 00007fd5af396400
0x000000030bb36b18:   000060000232bba0 000000030bb36bc0
0x000000030bb36b28:   000000012ec2a9be 000000030bb36c50
0x000000030bb36b38:   000000030bb36c00 000000030bb36c90
0x000000030bb36b48:   0000000000000000 000000000bb36ba0
0x000000030bb36b58:   00007fd5af396400 000060000150e1b0
0x000000030bb36b68:   00001fa0249e19c9 0000000300009fe0
0x000000030bb36b78:   5ff9b559d75a002f 5ff9b559d75a002f
0x000000030bb36b88:   0000000000000000 5ff9b559d75a002f
0x000000030bb36b98:   0000000000000000 000060000232bba0
0x000000030bb36ba8:   0000000000000200 00006000020c27f0
0x000000030bb36bb8:   00007fd5af396400 000000030bb36d00
0x000000030bb36bc8:   000000012eb25181 000000030bb36c01 

Instructions: (pc=0x0000000000000000)
0xffffffffffffffe0:   

Register to memory mapping:

RAX=0x000000012e7d8508: PlaybackBackend+0x20 in /Users/notjaxtaylor/Documents/GitHub/Arsenic/.gradle/loom-cache/natives/1.8.9/openal.dylib at 0x000000012e78f000
RBX=0x00000000000161b0 is an unknown value
RCX=0x00007fd5904c4970 is an unknown value
RDX=0xfffffffffffffff0 is an unknown value
RSP=0x000000030bb369d8 is an unknown value
RBP=0x000000030bb36a80 is an unknown value
RSI=0x0000000000000000 is an unknown value
RDI=0x00007fd5904b0000 is an unknown value
R8 =0x0000000000000200 is an unknown value
R9 =0x0000000123e733f0 is an unknown value
R10=0x000000012eb2488e: AUGenericOutputFactory+0x1e16 in /System/Library/Components/CoreAudio.component/Contents/MacOS/CoreAudio at 0x000000012eb19000
R11=0x00006000020c27f0 is an unknown value
R12=0x0000000123e733a0 is an unknown value
R13=0x00007fd5904b0000 is an unknown value
R14=0x0000000123e733f0 is an unknown value
R15=0x0000000000000800 is an unknown value


Stack: [0x000000030bab7000,0x000000030bb37000],  sp=0x000000030bb369d8,  free space=510k

---------------  P R O C E S S  ---------------

VM state:at safepoint (shutting down)

VM Mutex/Monitor currently owned by a thread:  ([mutex/lock_event])
[0x0000600000c49600] Threads_lock - owner thread: 0x00007fd5b9055000

heap address: 0x0000000740000000, size: 2048 MB, Compressed Oops mode: Zero based, Oop shift amount: 3
Narrow klass base: 0x0000000000000000, Narrow klass shift: 3
Compressed class space size: 1073741824 Address: 0x00000007c0000000

Heap:
 PSYoungGen      total 564224K, used 182509K [0x0000000795580000, 0x00000007c0000000, 0x00000007c0000000)
  eden space 504320K, 24% used [0x0000000795580000,0x000000079cd73fb0,0x00000007b4200000)
  from space 59904K, 99% used [0x00000007b4200000,0x00000007b7c477a0,0x00000007b7c80000)
  to   space 100352K, 0% used [0x00000007b9e00000,0x00000007b9e00000,0x00000007c0000000)
 ParOldGen       total 454144K, used 290278K [0x0000000740000000, 0x000000075bb80000, 0x0000000795580000)
  object space 454144K, 63% used [0x0000000740000000,0x0000000751b79be0,0x000000075bb80000)
 Metaspace       used 59230K, capacity 60499K, committed 60800K, reserved 1101824K
  class space    used 7134K, capacity 7438K, committed 7552K, reserved 1048576K

Card table byte_map: [0x000000010b51f000,0x000000010b920000] byte_map_base: 0x0000000107b1f000

Marking Bits: (ParMarkBitMap*) 0x000000010c8fce40
 Begin Bits: [0x000000011ceb9000, 0x000000011eeb9000)
 End Bits:   [0x000000011eeb9000, 0x0000000120eb9000)

Polling page: 0x000000010b088000

CodeCache: size=245760Kb used=40115Kb max_used=40783Kb free=205644Kb
 bounds [0x000000010deb9000, 0x00000001106e9000, 0x000000011ceb9000]
 total_blobs=11293 nmethods=10249 adapters=955
 compilation: enabled

Compilation events (10 events):
Event: 151.419 Thread 0x00007fd5b9073000 nmethod 14313 0x000000010ff82450 code [0x000000010ff825a0, 0x000000010ff82658]
Event: 151.420 Thread 0x00007fd5b9074800 nmethod 14314 0x000000010f9d9450 code [0x000000010f9d9640, 0x000000010f9da1d8]
Event: 151.420 Thread 0x00007fd5b9074800 14315   !   3       java.util.concurrent.ConcurrentHashMap$TreeBin::putTreeVal (371 bytes)
Event: 151.421 Thread 0x00007fd5b9074800 nmethod 14315 0x000000010f825510 code [0x000000010f8257a0, 0x000000010f826d38]
Event: 151.421 Thread 0x00007fd5b9074800 14316       3       java.util.concurrent.ConcurrentHashMap::comparableClassFor (105 bytes)
Event: 151.422 Thread 0x00007fd5b9074800 nmethod 14316 0x000000010fd66650 code [0x000000010fd66860, 0x000000010fd67448]
Event: 151.431 Thread 0x00007fd5ba029000 14317       4       net.minecraft.nbt.NBTTagString::write (11 bytes)
Event: 151.432 Thread 0x00007fd5ba029000 nmethod 14317 0x0000000110550050 code [0x00000001105501a0, 0x0000000110550268]
Event: 151.475 Thread 0x00007fd5b9073000 14318       4       java.util.concurrent.ConcurrentHashMap$Traverser::advance (188 bytes)
Event: 151.477 Thread 0x00007fd5b9073000 nmethod 14318 0x000000010fb89310 code [0x000000010fb89480, 0x000000010fb896d8]

GC Heap History (10 events):
Event: 97.374 GC heap before
{Heap before GC invocations=31 (full 8):
 PSYoungGen      total 618496K, used 533966K [0x0000000795580000, 0x00000007c0000000, 0x00000007c0000000)
  eden space 538112K, 99% used [0x0000000795580000,0x00000007b5ef3b50,0x00000007b6300000)
  from space 80384K, 0% used [0x00000007b6300000,0x00000007b6300000,0x00000007bb180000)
  to   space 77312K, 0% used [0x00000007bb480000,0x00000007bb480000,0x00000007c0000000)
 ParOldGen       total 290304K, used 279092K [0x0000000740000000, 0x0000000751b80000, 0x0000000795580000)
  object space 290304K, 96% used [0x0000000740000000,0x000000075108d370,0x0000000751b80000)
 Metaspace       used 57892K, capacity 59207K, committed 59392K, reserved 1101824K
  class space    used 7098K, capacity 7400K, committed 7424K, reserved 1048576K
Event: 97.857 GC heap after
Heap after GC invocations=31 (full 8):
 PSYoungGen      total 618496K, used 41726K [0x0000000795580000, 0x00000007c0000000, 0x00000007c0000000)
  eden space 538112K, 7% used [0x0000000795580000,0x0000000797e3fbb8,0x00000007b6300000)
  from space 80384K, 0% used [0x00000007b6300000,0x00000007b6300000,0x00000007bb180000)
  to   space 77312K, 0% used [0x00000007bb480000,0x00000007bb480000,0x00000007c0000000)
 ParOldGen       total 454144K, used 290254K [0x0000000740000000, 0x000000075bb80000, 0x0000000795580000)
  object space 454144K, 63% used [0x0000000740000000,0x0000000751b73be0,0x000000075bb80000)
 Metaspace       used 57890K, capacity 59201K, committed 59392K, reserved 1101824K
  class space    used 7097K, capacity 7399K, committed 7424K, reserved 1048576K
}
Event: 102.496 GC heap before
{Heap before GC invocations=32 (full 8):
 PSYoungGen      total 618496K, used 538112K [0x0000000795580000, 0x00000007c0000000, 0x00000007c0000000)
  eden space 538112K, 100% used [0x0000000795580000,0x00000007b6300000,0x00000007b6300000)
  from space 80384K, 0% used [0x00000007b6300000,0x00000007b6300000,0x00000007bb180000)
  to   space 77312K, 0% used [0x00000007bb480000,0x00000007bb480000,0x00000007c0000000)
 ParOldGen       total 454144K, used 290254K [0x0000000740000000, 0x000000075bb80000, 0x0000000795580000)
  object space 454144K, 63% used [0x0000000740000000,0x0000000751b73be0,0x000000075bb80000)
 Metaspace       used 58379K, capacity 59667K, committed 59904K, reserved 1101824K
  class space    used 7104K, capacity 7402K, committed 7424K, reserved 1048576K
Event: 102.661 GC heap after
Heap after GC invocations=32 (full 8):
 PSYoungGen      total 607232K, used 59798K [0x0000000795580000, 0x00000007c0000000, 0x00000007c0000000)
  eden space 529920K, 0% used [0x0000000795580000,0x0000000795580000,0x00000007b5b00000)
  from space 77312K, 77% used [0x00000007bb480000,0x00000007beee5aa8,0x00000007c0000000)
  to   space 84480K, 0% used [0x00000007b5b00000,0x00000007b5b00000,0x00000007bad80000)
 ParOldGen       total 454144K, used 290262K [0x0000000740000000, 0x000000075bb80000, 0x0000000795580000)
  object space 454144K, 63% used [0x0000000740000000,0x0000000751b75be0,0x000000075bb80000)
 Metaspace       used 58379K, capacity 59667K, committed 59904K, reserved 1101824K
  class space    used 7104K, capacity 7402K, committed 7424K, reserved 1048576K
}
Event: 113.614 GC heap before
{Heap before GC invocations=33 (full 8):
 PSYoungGen      total 607232K, used 589718K [0x0000000795580000, 0x00000007c0000000, 0x00000007c0000000)
  eden space 529920K, 100% used [0x0000000795580000,0x00000007b5b00000,0x00000007b5b00000)
  from space 77312K, 77% used [0x00000007bb480000,0x00000007beee5aa8,0x00000007c0000000)
  to   space 84480K, 0% used [0x00000007b5b00000,0x00000007b5b00000,0x00000007bad80000)
 ParOldGen       total 454144K, used 290262K [0x0000000740000000, 0x000000075bb80000, 0x0000000795580000)
  object space 454144K, 63% used [0x0000000740000000,0x0000000751b75be0,0x000000075bb80000)
 Metaspace       used 58589K, capacity 59923K, committed 60160K, reserved 1101824K
  class space    used 7104K, capacity 7402K, committed 7424K, reserved 1048576K
Event: 113.752 GC heap after
Heap after GC invocations=33 (full 8):
 PSYoungGen      total 592384K, used 62424K [0x0000000795580000, 0x00000007c0000000, 0x00000007c0000000)
  eden space 529920K, 0% used [0x0000000795580000,0x0000000795580000,0x00000007b5b00000)
  from space 62464K, 99% used [0x00000007b5b00000,0x00000007b97f62e8,0x00000007b9800000)
  to   space 91648K, 0% used [0x00000007ba680000,0x00000007ba680000,0x00000007c0000000)
 ParOldGen       total 454144K, used 290270K [0x0000000740000000, 0x000000075bb80000, 0x0000000795580000)
  object space 454144K, 63% used [0x0000000740000000,0x0000000751b77be0,0x000000075bb80000)
 Metaspace       used 58589K, capacity 59923K, committed 60160K, reserved 1101824K
  class space    used 7104K, capacity 7402K, committed 7424K, reserved 1048576K
}
Event: 130.234 GC heap before
{Heap before GC invocations=34 (full 8):
 PSYoungGen      total 592384K, used 592344K [0x0000000795580000, 0x00000007c0000000, 0x00000007c0000000)
  eden space 529920K, 100% used [0x0000000795580000,0x00000007b5b00000,0x00000007b5b00000)
  from space 62464K, 99% used [0x00000007b5b00000,0x00000007b97f62e8,0x00000007b9800000)
  to   space 91648K, 0% used [0x00000007ba680000,0x00000007ba680000,0x00000007c0000000)
 ParOldGen       total 454144K, used 290270K [0x0000000740000000, 0x000000075bb80000, 0x0000000795580000)
  object space 454144K, 63% used [0x0000000740000000,0x0000000751b77be0,0x000000075bb80000)
 Metaspace       used 58902K, capacity 60231K, committed 60544K, reserved 1101824K
  class space    used 7115K, capacity 7436K, committed 7552K, reserved 1048576K
Event: 130.337 GC heap after
Heap after GC invocations=34 (full 8):
 PSYoungGen      total 595968K, used 64274K [0x0000000795580000, 0x00000007c0000000, 0x00000007c0000000)
  eden space 504320K, 0% used [0x0000000795580000,0x0000000795580000,0x00000007b4200000)
  from space 91648K, 70% used [0x00000007ba680000,0x00000007be544980,0x00000007c0000000)
  to   space 97280K, 0% used [0x00000007b4200000,0x00000007b4200000,0x00000007ba100000)
 ParOldGen       total 454144K, used 290278K [0x0000000740000000, 0x000000075bb80000, 0x0000000795580000)
  object space 454144K, 63% used [0x0000000740000000,0x0000000751b79be0,0x000000075bb80000)
 Metaspace       used 58902K, capacity 60231K, committed 60544K, reserved 1101824K
  class space    used 7115K, capacity 7436K, committed 7552K, reserved 1048576K
}
Event: 148.884 GC heap before
{Heap before GC invocations=35 (full 8):
 PSYoungGen      total 595968K, used 568594K [0x0000000795580000, 0x00000007c0000000, 0x00000007c0000000)
  eden space 504320K, 100% used [0x0000000795580000,0x00000007b4200000,0x00000007b4200000)
  from space 91648K, 70% used [0x00000007ba680000,0x00000007be544980,0x00000007c0000000)
  to   space 97280K, 0% used [0x00000007b4200000,0x00000007b4200000,0x00000007ba100000)
 ParOldGen       total 454144K, used 290278K [0x0000000740000000, 0x000000075bb80000, 0x0000000795580000)
  object space 454144K, 63% used [0x0000000740000000,0x0000000751b79be0,0x000000075bb80000)
 Metaspace       used 59070K, capacity 60359K, committed 60544K, reserved 1101824K
  class space    used 7121K, capacity 7436K, committed 7552K, reserved 1048576K
Event: 149.023 GC heap after
Heap after GC invocations=35 (full 8):
 PSYoungGen      total 564224K, used 59677K [0x0000000795580000, 0x00000007c0000000, 0x00000007c0000000)
  eden space 504320K, 0% used [0x0000000795580000,0x0000000795580000,0x00000007b4200000)
  from space 59904K, 99% used [0x00000007b4200000,0x00000007b7c477a0,0x00000007b7c80000)
  to   space 100352K, 0% used [0x00000007b9e00000,0x00000007b9e00000,0x00000007c0000000)
 ParOldGen       total 454144K, used 290278K [0x0000000740000000, 0x000000075bb80000, 0x0000000795580000)
  object space 454144K, 63% used [0x0000000740000000,0x0000000751b79be0,0x000000075bb80000)
 Metaspace       used 59070K, capacity 60359K, committed 60544K, reserved 1101824K
  class space    used 7121K, capacity 7436K, committed 7552K, reserved 1048576K
}

Deoptimization events (10 events):
Event: 150.931 Thread 0x00007fd56a3b7000 Uncommon trap: reason=class_check action=maybe_recompile pc=0x000000010ee37a58 method=java.lang.reflect.Array.newInstance(Ljava/lang/Class;I)Ljava/lang/Object; @ 2
Event: 150.954 Thread 0x00007fd56a3b7000 