#
# A fatal error has been detected by the Java Runtime Environment:
#
#  SIGSEGV (0xb) at pc=0x0000000000000000, pid=32812, tid=0x000000000001105f
#
# JRE version: Java(TM) SE Runtime Environment (8.0_202-b08) (build 1.8.0_202-b08)
# Java VM: Java HotSpot(TM) 64-Bit Server VM (25.202-b08 mixed mode bsd-amd64 compressed oops)
# Problematic frame:
# C  0x0000000000000000
#
# Failed to write core dump. Core dumps have been disabled. To enable core dumping, try "ulimit -c unlimited" before starting Java again
#
# If you would like to submit a bug report, please visit:
#   http://bugreport.java.com/bugreport/crash.jsp
#

---------------  T H R E A D  ---------------

Current thread is native thread

siginfo: si_signo: 11 (SIGSEGV), si_code: 1 (SEGV_MAPERR), si_addr: 0x0000000000000000

Registers:
RAX=0x000000012dbfc508, RBX=0x00000000000161b0, RCX=0x00007f888010c970, RDX=0xfffffffffffffff0
RSP=0x000000030a3579d8, RBP=0x000000030a357a80, RSI=0x0000000000000000, RDI=0x00007f88800f8000
R8 =0x0000000000000200, R9 =0x00000001237053f0, R10=0x000000012df4888e, R11=0x00006000025d2e20
R12=0x00000001237053a0, R13=0x00007f88800f8000, R14=0x00000001237053f0, R15=0x0000000000000800
RIP=0x0000000000000000, EFLAGS=0x0000000000000246, ERR=0x0000000000000004
  TRAPNO=0x000000000000000e

Top of Stack: (sp=0x000000030a3579d8)
