#
# A fatal error has been detected by the Java Runtime Environment:
#
#  SIGSEGV (0xb) at pc=0x0000000000000000, pid=40188, tid=0x0000000000012e6f
#
# JRE version: Java(TM) SE Runtime Environment (8.0_202-b08) (build 1.8.0_202-b08)
# Java VM: Java HotSpot(TM) 64-Bit Server VM (25.202-b08 mixed mode bsd-amd64 compressed oops)
# Problematic frame:
# C  0x0000000000000000
#
# Failed to write core dump. Core dumps have been disabled. To enable core dumping, try "ulimit -c unlimited" before starting Java again
#
# If you would like to submit a bug report, please visit:
#   http://bugreport.java.com/bugreport/crash.jsp
#

---------------  T H R E A D  ---------------

Current thread is native thread

siginfo: si_signo: 11 (SIGSEGV), si_code: 1 (SEGV_MAPERR), si_addr: 0x0000000000000000

Registers:
RAX=0x000000012c614508, RBX=0x00000000000161b0, RCX=0x00007fb9f0ccc970, RDX=0xfffffffffffffff0
RSP=0x00000003075469d8, RBP=0x0000000307546a80, RSI=0x0000000000000000, RDI=0x00007fb9f0cb8000
R8 =0x0000000000000200, R9 =0x000000012c7983f0, R10=0x000000012c96088e, R11=0x00006000022b80e0
R12=0x000000012c7983a0, R13=0x00007fb9f0cb8000, R14=0x000000012c7983f0, R15=0x0000000000000800
RIP=0x0000000000000000, EFLAGS=0x0000000000000246, ERR=0x0000000000000004
  TRAPNO=0x000000000000000e

Top of Stack: (sp=0x00000003075469d8)
0x00000003075469d8:   000000012c5e6639 0000000000000000
0x00000003075469e8:   0000000000000000 00007fb9f0cc01b0
0x00000003075469f8:   000000012c7cd000 00007fb9f0cbe1b0
0x0000000307546a08:   0000020000000000 0000000000000000
0x0000000307546a18:   0000000000000800 89234d0500000200
0x0000000307546a28:   00007fb9f0cbc1b0 00007fb9f0cb8000
0x0000000307546a38:   00000200249e19b6 000000000000001f
0x0000000307546a48:   000000030000037f 89234d05852700b5
0x0000000307546a58:   00007fb9d4e275e0 000000012c7983a0
0x0000000307546a68:   00007fb9d4e27550 000000012c7983f0
0x0000000307546a78:   00000000ffffd584 0000000307546a90
0x0000000307546a88:   000000012c5f62ef 0000000307546b20
0x0000000307546a98:   000000012c95d1ae 00007fba04950c00
0x0000000307546aa8:   0000000307546af8 00007fba04950e50
0x0000000307546ab8:   00007ff8157d0100 0000000307546c00
0x0000000307546ac8:   0000000000000200 0000000307546c90
0x0000000307546ad8:   00007ff800000200 0000000000000020
0x0000000307546ae8:   0000000000000000 89234d05852700b5
0x0000000307546af8:   0000000000000001 0000000000000200
0x0000000307546b08:   0000000000001fa0 00007fba04950c00
0x0000000307546b18:   00006000021be080 0000000307546bc0
0x0000000307546b28:   000000012ca669be 0000000307546c50
0x0000000307546b38:   0000000307546c00 0000000307546c90
0x0000000307546b48:   0000000000000000 0000000007546ba0
0x0000000307546b58:   00007fba04950c00 0000600001767440
0x0000000307546b68:   00001fa0249e19c9 0000000300009fe0
0x0000000307546b78:   89234d05852700b5 89234d05852700b5
0x0000000307546b88:   0000000000000000 89234d05852700b5
0x0000000307546b98:   0000000000000000 00006000021be080
0x0000000307546ba8:   0000000000000200 00006000022b80e0
0x0000000307546bb8:   00007fba04950c00 0000000307546d00
0x0000000307546bc8:   000000012c961181 0000000307546c01 

Instructions: (pc=0x0000000000000000)
0xffffffffffffffe0:   

Register to memory mapping:

RAX=