#
# A fatal error has been detected by the Java Runtime Environment:
#
#  EXCEPTION_ACCESS_VIOLATION (0xc0000005) at pc=0x000001cbf3991066, pid=15876, tid=0x0000000000003768
#
# JRE version: OpenJDK Runtime Environment (8.0_312-b07) (build 1.8.0_312-b07)
# Java VM: OpenJDK 64-Bit Server VM (25.312-b07 mixed mode windows-amd64 compressed oops)
# Problematic frame:
# C  [OpenAL64.dll+0x11066]
#
# Failed to write core dump. Minidumps are not enabled by default on client versions of Windows
#
# If you would like to submit a bug report, please visit:
#   https://bell-sw.com/support
# The crash happened outside the Java Virtual Machine in native code.
# See problematic frame for where to report the bug.
#

---------------  T H R E A D  ---------------

Current thread (0x000001cbf9403000):  JavaThread "Thread-13" [_thread_in_native, id=14184, stack(0x0000006c26d00000,0x0000006c26e00000)]

siginfo: ExceptionCode=0xc0000005, reading address 0x000001cbebeec004

Registers:
RAX=0x0000000000000004, RBX=0x000001cbf3e30090, RCX=0x000001cbebeec008, RDX=0x000001cbebeec004
RSP=0x0000006c26dfee40, RBP=0x00000000000000ff, RSI=0x000001cbebee910c, RDI=0x0000000000000000
R8 =0x0000000000000bbe, R9 =0x000001cbebee910c, R10=0x000001cbcb8c9c62, R11=0x00000000772b6a40
R12=0x0000000000000001, R13=0x000001cbf3d82788, R14=0x0000006c26dfefd8, R15=0x000001cbf9403000
RIP=0x000001cbf3991066, EFLAGS=0x0000000000010202

Top of Stack: (sp=0x0000006c26dfee40)
0x0000006c26dfee40:   000001cbeb52f3d8 000001cbf9403000
0x0000006c26dfee50:   0000006c26dfefd8 000001cbf3d82788
0x0000006c26dfee60:   0000006c26dfeed0 000001cbcb8b7c15
0x0000006c26dfee70:   0000000000000000 000001cbf9403000
0x0000006c26dfee80:   0000006c26dfefa0 000000007714e20b
0x0000006c26dfee90:   0000006c26dfeec0 0000000000000000
0x0000006c26dfeea0:   0000006c26dfef10 000001cbeeab49a0
0x0000006c26dfeeb0:   000001cbf9403000 0000006c26dfefd8
0x0000006c26dfeec0:   000001cbf3d82788 0000000000000000
0x0000006c26dfeed0:   000001cbebee910c 000001cbebee910c
0x0000006c26dfeee0:   0000006c26dfefa0 000001cbf399248f
0x0000006c26dfeef0:   000001cbf3e30090 000001cbf3e30090
0x0000006c26dfef00:   000001cb0000ac44 000001cb00000004
0x0000006c26dfef10:   00000006c0f27028 000001cbcb8c9c8e
0x0000006c26dfef20:   000001cbf3d82788 00000007aad95620
0x0000006c26dfef30:   0000006c26dfef30 000001cbf3d84ca1 

Instructions: (pc=0x000001cbf3991066)
0x000001cbf3991046:   41 2b ec 81 3a 03 00 02 00 75 09 8b 01 89 84 24
0x000001cbf3991056:   c8 00 00 00 49 83 c0 02 48 83 c1 08 4a 8d 14 86
0x000001cbf3991066:   39 3a 75 af 4c 8d 84 24 c0 00 00 00 48 8d 15 d7
0x000001cbf3991076:   2b 03 00 33 c9 e8 58 5f 00 00 b8 40 1f 00 00 4c 


Register to memory mapping:

RAX=0x0000000000000004 is an unknown value
RBX=0x000001cbf3e30090 is an unknown value
RCX=0x000001cbebeec008 is an unknown value
RDX=0x000001cbebeec004 is an unknown value
RSP=0x0000006c26dfee40 is pointing into the stack for thread: 0x000001cbf9403000
RBP=0x00000000000000ff is an unknown value
RSI=0x000001cbebee910c is an unknown value
RDI=0x0000000000000000 is an unknown value
R8 =0x0000000000000bbe is an unknown value
R9 =0x000001cbebee910c is an unknown value
R10=0x000001cbcb8c9c62 is at code_begin+962 in an Interpreter codelet
method entry point (kind = native)  [0x000001cbcb8c98a0, 0x000001cbcb8ca340]  2720 bytes
R11=0x00000000772b6a40 is an unknown value
R12=0x0000000000000001 is an unknown value
R13={method} {0x000001cbf3d82790} 'nalcCreateContext' '(JJ)J' in 'org/lwjgl/openal/ALC10'
R14=0x0000006c26dfefd8 is pointing into the stack for thread: 0x000001cbf9403000
R15=0x000001cbf9403000 is a thread


Stack: [0x0000006c26d00000,0x0000006c26e00000],  sp=0x0000006c26dfee40,  free space=1019k
Native frames: (J=compiled Java code, j=interpreted, Vv=VM code, C=native code)
C  [OpenAL64.dll+0x11066]
C  [OpenAL64.dll+0x1248f]
C  0x000001cbcb8c9c8e

Java frames: (J=compiled Java code, j=interpreted, Vv=VM code)
j  org.lwjgl.openal.ALC10.nalcCreateContext(JJ)J+0
j  org.lwjgl.openal.ALC10.alcCreateContext(Lorg/lwjgl/openal/ALCdevice;Ljava/nio/IntBuffer;)Lorg/lwjgl/openal/ALCcontext;+8
j  org.lwjgl.openal.AL.init(Ljava/lang/String;IIZZ)V+69
j  org.lwjgl.openal.AL.create(Ljava/lang/String;IIZZ)V+246
j  org.lwjgl.openal.AL.create(Ljava/lang/String;IIZ)V+5
j  org.lwjgl.openal.AL.create()V+6
j  paulscode.sound.libraries.LibraryLWJGLOpenAL.init()V+2
j  paulscode.sound.SoundSystem.CommandNewLibrary(Ljava/lang/Class;)V+273
j  paulscode.sound.SoundSystem.CommandQueue(Lpaulscode/sound/CommandObject;)Z+1206
j  paulscode.sound.CommandThread.run()V+51
v  ~StubRoutines::call_stub

---------------  P R O C E S S  ---------------

Java Threads: ( => current thread )
  0x000001cbf9402000 JavaThread "Thread-14" [_thread_blocked, id=22300, stack(0x0000006c27000000,0x0000006c27100000)]
=>0x000001cbf9403000 JavaThread "Thread-13" [_thread_in_native, id=14184, stack(0x0000006c26d00000,0x0000006c26e00000)]
  0x000001cbf9406000 JavaThread "Sound Library Loader" [_thread_blocked, id=14520, stack(0x0000006c26b00000,0x0000006c26c00000)]
  0x000001cbf9404800 JavaThread "AWT-Windows" daemon [_thread_in_native, id=8236, stack(0x0000006c27200000,0x0000006c27300000)]
  0x000001cbee6c7000 JavaThread "AWT-Shutdown" [_thread_blocked, id=8884, stack(0x0000006c27100000,0x0000006c27200000)]
  0x000001cbee6c6800 JavaThread "Chunk Batcher 1" daemon [_thread_blocked, id=14972, stack(0x0000006c26e00000,0x0000006c26f00000)]
  0x000001cbee6cb000 JavaThread "Chunk Batcher 0" daemon [_thread_blocked, id=9456, stack(0x0000006c26c00000,0x0000006c26d00000)]
  0x000001cbed715800 JavaThread "LWJGL Timer" daemon [_thread_blocked, id=924, stack(0x0000006c26a00000,0x0000006c26b00000)]
  0x000001cbe9a74800 JavaThread "Thread-7" [_thread_blocked, id=22088, stack(0x0000006c26800000,0x0000006c26900000)]
  0x000001cbe7cc0000 JavaThread "Java2D Disposer" daemon [_thread_blocked, id=19388, stack(0x0000006c26100000,0x0000006c26200000)]
  0x000001cbe7731800 JavaThread "Timer hack thread" daemon [_thread_blocked, id=21712, stack(0x0000006c26000000,0x0000006c26100000)]
  0x000001cbeb9ac800 JavaThread "Snooper Timer" daemon [_thread_blocked, id=4612, stack(0x0000006c25f00000,0x0000006c26000000)]
  0x000001cbec2d9800 JavaThread "Snooper Timer" daemon [_thread_blocked, id=2096, stack(0x0000006c25e00000,0x0000006c25f00000)]
  0x000001cbe6dc5000 JavaThread "Service Thread" daemon [_thread_blocked, id=19652, stack(0x0000006c25c00000,0x0000006c25d00000)]
  0x000001cbe6d64800 JavaThread "C1 CompilerThread3" daemon [_thread_blocked, id=21604, stack(0x0000006c25b00000,0x0000006c25c00000)]
  0x000001cbe6d5d000 JavaThread "C2 CompilerThread2" daemon [_thread_blocked, id=12100, stack(0x0000006c25a00000,0x0000006c25b00000)]
  0x000001cbe6d58800 JavaThread "C2 CompilerThread1" daemon [_thread_blocked, id=21472, stack(0x0000006c25900000,0x0000006c25a00000)]
  0x000001cbe6d56800 JavaThread "C2 CompilerThread0" daemon [_thread_blocked, id=4016, stack(0x0000006c25800000,0x0000006c25900000)]
  0x000001cbe6ca2000 JavaThread "Monitor Ctrl-Break" daemon [_thread_in_native, id=20780, stack(0x0000006c25700000,0x0000006c25800000)]
  0x000001cbe4c03000 JavaThread "Attach Listener" daemon [_thread_blocked, id=2280, stack(0x0000006c25600000,0x0000006c25700000)]
  0x000001cbe4c02000 JavaThread "Signal Dispatcher" daemon [_thread_blocked, id=21904, stack(0x0000006c25500000,0x0000006c25600000)]
  0x000001cbe4bd7800 JavaThread "Finalizer" daemon [_thread_blocked, id=10324, stack(0x0000006c25400000,0x0000006c25500000)]
  0x000001cbe4bcc800 JavaThread "Reference Handler" daemon [_thread_blocked, id=15320, stack(0x0000006c25300000,0x0000006c25400000)]
  0x000001cbc9d76800 JavaThread "Client thread" [_thread_in_native, id=16448, stack(0x0000006c24900000,0x0000006c24a00000)]

Other Threads:
  0x000001cbe4ba0000 VMThread [stack: 0x0000006c25200000,0x0000006c25300000] [id=2292]
  0x000001cbe6dc6000 WatcherThread [stack: 0x0000006c25d00000,0x0000006c25e00000] [id=21264]

VM state:not at safepoint (normal execution)

VM Mutex/Monitor currently owned by a thread: None

heap address: 0x00000006c0e00000, size: 4082 MB, Compressed Oops mode: Zero based, Oop shift amount: 3
Narrow klass base: 0x0000000000000000, Narrow klass shift: 3
Compressed class space size: 1073741824 Address: 0x00000007c0000000

Heap:
 PSYoungGen      total 1166336K, used 1051959K [0x000000076af80000, 0x00000007c0000000, 0x00000007c0000000)
  eden space 1094144K, 96% used [0x000000076af80000,0x00000007ab2cdef8,0x00000007adc00000)
  from space 72192K, 0% used [0x00000007b2300000,0x00000007b2300000,0x00000007b6980000)
  to   space 72704K, 0% used [0x00000007adc00000,0x00000007adc00000,0x00000007b2300000)
 ParOldGen       total 226816K, used 105168K [0x00000006c0e00000, 0x00000006ceb80000, 0x000000076af80000)
  object space 226816K, 46% used [0x00000006c0e00000,0x00000006c74b43b0,0x00000006ceb80000)
 Metaspace       used 38806K, capacity 39063K, committed 39592K, reserved 1083392K
  class space    used 4859K, capacity 4937K, committed 5040K, reserved 1048576K

Card table byte_map: [0x000001cbdac70000,0x000001cbdb470000] byte_map_base: 0x000001cbd7669000

Marking Bits: (ParMarkBitMap*) 0x000000007788d850
 Begin Bits: [0x000001cbdb9d0000, 0x000001cbdf998000)
 End Bits:   [0x000001cbdf998000, 0x000001cbe3960000)

Polling page: 0x000001cbc9fa0000

CodeCache: size=245760Kb used=17666Kb max_used=17666Kb free=228093Kb
 bounds [0x000001cbcb8b0000, 0x000001cbcca10000, 0x000001cbda8b0000]
 total_blobs=5739 nmethods=4962 adapters=688
 compilation: enabled

Compilation events (10 events):
Event: 22.808 Thread 0x000001cbe6d64800 6378       3       net.minecraft.client.audio.SoundList::<init> (12 bytes)
Event: 22.808 Thread 0x000001cbe6d64800 nmethod 6378 0x000001cbcc9ea7d0 code [0x000001cbcc9ea960, 0x000001cbcc9ead78]
Event: 22.854 Thread 0x000001cbe6d64800 6379       3       net.minecraft.client.resources.DefaultResourcePack::getInputStreamAssets (41 bytes)
Event: 22.855 Thread 0x000001cbe6d64800 nmethod 6379 0x000001cbcc9ee190 code [0x000001cbcc9ee340, 0x000001cbcc9ee880]
Event: 22.875 Thread 0x000001cbe6d64800 6380   !   3       net.minecraft.client.audio.SoundHandler::loadSoundResource (451 bytes)
Event: 22.878 Thread 0x000001cbe6d64800 nmethod 6380 0x000001cbcc9ffe10 code [0x000001cbcca00420, 0x000001cbcca04680]
Event: 22.878 Thread 0x000001cbe6d64800 6381       3       net.minecraft.util.RegistrySimple::containsKey (11 bytes)
Event: 22.878 Thread 0x000001cbe6d64800 nmethod 6381 0x000001cbcc9edd10 code [0x000001cbcc9ede80, 0x000001cbcc9ee0b0]
Event: 22.998 Thread 0x000001cbe6d64800 6382   !   3       java.lang.StringCoding$StringEncoder::encode (179 bytes)
Event: 22.999 Thread 0x000001cbe6d64800 nmethod 6382 0x000001cbcca07250 code [0x000001cbcca075c0, 0x000001cbcca092f0]

GC Heap History (10 events):
Event: 7.052 GC heap before
{Heap before GC invocations=11 (full 2):
 PSYoungGen      total 520192K, used 484864K [0x000000076af80000, 0x000000078cf80000, 0x00000007c0000000)
  eden space 484864K, 100% used [0x000000076af80000,0x0000000788900000,0x0000000788900000)
  from space 35328K, 0% used [0x000000078ac00000,0x000000078ac00000,0x000000078ce80000)
  to   space 35840K, 0% used [0x0000000788900000,0x0000000788900000,0x000000078ac00000)
 ParOldGen       total 136192K, used 47742K [0x00000006c0e00000, 0x00000006c9300000, 0x000000076af80000)
  object space 136192K, 35% used [0x00000006c0e00000,0x00000006c3c9fbe0,0x00000006c9300000)
 Metaspace       used 24275K, capacity 24544K, committed 24752K, reserved 1071104K
  class space    used 3102K, capacity 3207K, committed 3248K, reserved 1048576K
Event: 7.077 GC heap after
Heap after GC invocations=11 (full 2):
 PSYoungGen      total 520704K, used 33454K [0x000000076af80000, 0x00000007a7880000, 0x00000007c0000000)
  eden space 484864K, 0% used [0x000000076af80000,0x000000076af80000,0x0000000788900000)
  from space 35840K, 93% used [0x0000000788900000,0x000000078a9abba0,0x000000078ac00000)
  to   space 39424K, 0% used [0x00000007a5200000,0x00000007a5200000,0x00000007a7880000)
 ParOldGen       total 136192K, used 47750K [0x00000006c0e00000, 0x00000006c9300000, 0x000000076af80000)
  object space 136192K, 35% used [0x00000006c0e00000,0x00000006c3ca1be0,0x00000006c9300000)
 Metaspace       used 24275K, capacity 24544K, committed 24752K, reserved 1071104K
  class space    used 3102K, capacity 3207K, committed 3248K, reserved 1048576K
}
Event: 11.086 GC heap before
{Heap before GC invocations=12 (full 2):
 PSYoungGen      total 520704K, used 518318K [0x000000076af80000, 0x00000007a7880000, 0x00000007c0000000)
  eden space 484864K, 100% used [0x000000076af80000,0x0000000788900000,0x0000000788900000)
  from space 35840K, 93% used [0x0000000788900000,0x000000078a9abba0,0x000000078ac00000)
  to   space 39424K, 0% used [0x00000007a5200000,0x00000007a5200000,0x00000007a7880000)
 ParOldGen       total 136192K, used 47750K [0x00000006c0e00000, 0x00000006c9300000, 0x000000076af80000)
  object space 136192K, 35% used [0x00000006c0e00000,0x00000006c3ca1be0,0x00000006c9300000)
 Metaspace       used 30370K, capacity 30631K, committed 30896K, reserved 1077248K
  class space    used 3842K, capacity 3945K, committed 4016K, reserved 1048576K
Event: 11.114 GC heap after
Heap after GC invocations=12 (full 2):
 PSYoungGen      total 773120K, used 39421K [0x000000076af80000, 0x00000007a7880000, 0x00000007c0000000)
  eden space 733696K, 0% used [0x000000076af80000,0x000000076af80000,0x0000000797c00000)
  from space 39424K, 99% used [0x00000007a5200000,0x00000007a787f530,0x00000007a7880000)
  to   space 50688K, 0% used [0x00000007a1580000,0x00000007a1580000,0x00000007a4700000)
 ParOldGen       total 136192K, used 64862K [0x00000006c0e00000, 0x00000006c9300000, 0x000000076af80000)
  object space 136192K, 47% used [0x00000006c0e00000,0x00000006c4d57950,0x00000006c9300000)
 Metaspace       used 30370K, capacity 30631K, committed 30896K, reserved 1077248K
  class space    used 3842K, capacity 3945K, committed 4016K, reserved 1048576K
}
Event: 15.543 GC heap before
{Heap before GC invocations=13 (full 2):
 PSYoungGen      total 773120K, used 773117K [0x000000076af80000, 0x00000007a7880000, 0x00000007c0000000)
  eden space 733696K, 100% used [0x000000076af80000,0x0000000797c00000,0x0000000797c00000)
  from space 39424K, 99% used [0x00000007a5200000,0x00000007a787f530,0x00000007a7880000)
  to   space 50688K, 0% used [0x00000007a1580000,0x00000007a1580000,0x00000007a4700000)
 ParOldGen       total 136192K, used 64862K [0x00000006c0e00000, 0x00000006c9300000, 0x000000076af80000)
  object space 136192K, 47% used [0x00000006c0e00000,0x00000006c4d57950,0x00000006c9300000)
 Metaspace       used 34532K, capacity 34789K, committed 35248K, reserved 1079296K
  class space    used 4357K, capacity 4472K, committed 4528K, reserved 1048576K
Event: 15.595 GC heap after
Heap after GC invocations=13 (full 2):
 PSYoungGen      total 941568K, used 50674K [0x000000076af80000, 0x00000007b6980000, 0x00000007c0000000)
  eden space 890880K, 0% used [0x000000076af80000,0x000000076af80000,0x00000007a1580000)
  from space 50688K, 99% used [0x00000007a1580000,0x00000007a46fcbf0,0x00000007a4700000)
  to   space 72192K, 0% used [0x00000007b2300000,0x00000007b2300000,0x00000007b6980000)
 ParOldGen       total 136192K, used 104049K [0x00000006c0e00000, 0x00000006c9300000, 0x000000076af80000)
  object space 136192K, 76% used [0x00000006c0e00000,0x00000006c739c4f0,0x00000006c9300000)
 Metaspace       used 34532K, capacity 34789K, committed 35248K, reserved 1079296K
  class space    used 4357K, capacity 4472K, committed 4528K, reserved 1048576K
}
Event: 17.159 GC heap before
{Heap before GC invocations=14 (full 2):
 PSYoungGen      total 941568K, used 404013K [0x000000076af80000, 0x00000007b6980000, 0x00000007c0000000)
  eden space 890880K, 39% used [0x000000076af80000,0x000000078088e8a8,0x00000007a1580000)
  from space 50688K, 99% used [0x00000007a1580000,0x00000007a46fcbf0,0x00000007a4700000)
  to   space 72192K, 0% used [0x00000007b2300000,0x00000007b2300000,0x00000007b6980000)
 ParOldGen       total 136192K, used 104049K [0x00000006c0e00000, 0x00000006c9300000, 0x000000076af80000)
  object space 136192K, 76% used [0x00000006c0e00000,0x00000006c739c4f0,0x00000006c9300000)
 Metaspace       used 34957K, capacity 35179K, committed 35496K, reserved 1081344K
  class space    used 4378K, capacity 4473K, committed 4528K, reserved 1048576K
Event: 17.172 GC heap after
Heap after GC invocations=14 (full 2):
 PSYoungGen      total 1166336K, used 6452K [0x000000076af80000, 0x00000007c0000000, 0x00000007c0000000)
  eden space 1094144K, 0% used [0x000000076af80000,0x000000076af80000,0x00000007adc00000)
  from space 72192K, 8% used [0x00000007b2300000,0x00000007b294d220,0x00000007b6980000)
  to   space 72704K, 0% used [0x00000007adc00000,0x00000007adc00000,0x00000007b2300000)
 ParOldGen       total 136192K, used 128424K [0x00000006c0e00000, 0x00000006c9300000, 0x000000076af80000)
  object space 136192K, 94% used [0x00000006c0e00000,0x00000006c8b6a288,0x00000006c9300000)
 Metaspace       used 34957K, capacity 35179K, committed 35496K, reserved 1081344K
  class space    used 4378K, capacity 4473K, committed 4528K, reserved 1048576K
}
Event: 17.172 GC heap before
{Heap before GC invocations=15 (full 3):
 PSYoungGen      total 1166336K, used 6452K [0x000000076af80000, 0x00000007c0000000, 0x00000007c0000000)
  eden space 1094144K, 0% used [0x000000076af80000,0x000000076af80000,0x00000007adc00000)
  from space 72192K, 8% used [0x00000007b2300000,0x00000007b294d220,0x00000007b6980000)
  to   space 72704K, 0% used [0x00000007adc00000,0x00000007adc00000,0x00000007b2300000)
 ParOldGen       total 136192K, used 128424K [0x00000006c0e00000, 0x00000006c9300000, 0x000000076af80000)
  object space 136192K, 94% used [0x00000006c0e00000,0x00000006c8b6a288,0x00000006c9300000)
 Metaspace       used 34957K, capacity 35179K, committed 35496K, reserved 1081344K
  class space    used 4378K, capacity 4473K, committed 4528K, reserved 1048576K
Event: 17.363 GC heap after
Heap after GC invocations=15 (full 3):
 PSYoungGen      total 1166336K, used 0K [0x000000076af80000, 0x00000007c0000000, 0x00000007c0000000)
  eden space 1094144K, 0% used [0x000000076af80000,0x000000076af80000,0x00000007adc00000)
  from space 72192K, 0% used [0x00000007b2300000,0x00000007b2300000,0x00000007b6980000)
  to   space 72704K, 0% used [0x00000007adc00000,0x00000007adc00000,0x00000007b2300000)
 ParOldGen       total 226816K, used 105168K [0x00000006c0e00000, 0x00000006ceb80000, 0x000000076af80000)
  object space 226816K, 46% used [0x00000006c0e00000,0x00000006c74b43b0,0x00000006ceb80000)
 Metaspace       used 34957K, capacity 35179K, committed 35496K, reserved 1081344K
  class space    used 4378K, capacity 4473K, committed 4528K, reserved 1048576K
}

Deoptimization events (10 events):
Event: 22.059 Thread 0x000001cbc9d76800 Uncommon trap: reason=unstable_if action=reinterpret pc=0x000001cbcbcc32f8 method=java.io.WinNTFileSystem.prefixLength(Ljava/lang/String;)I @ 42
Event: 22.059 Thread 0x000001cbc9d76800 Uncommon trap: reason=unstable_if action=reinterpret pc=0x000001cbcbdc5468 method=java.io.WinNTFileSystem.prefixLength(Ljava/lang/String;)I @ 42
Event: 22.059 Thread 0x000001cbc9d76800 Uncommon trap: reason=unstable_if action=reinterpret pc=0x000001cbcc49caf0 method=sun.nio.fs.WindowsPathParser.parse(Ljava/lang/String;Z)Lsun/nio/fs/WindowsPathParser$Result; @ 45
Event: 22.059 Thread 0x000001cbc9d76800 Uncommon trap: reason=unstable_if action=reinterpret pc=0x000001cbcbde46a4 method=java.io.WinNTFileSystem.prefixLength(Ljava/lang/String;)I @ 42
Event: 22.798 Thread 0x000001cbc9d76800 Uncommon trap: reason=class_check action=maybe_recompile pc=0x000001cbcc78ec8c method=com.google.gson.reflect.TypeToken.<init>(Ljava/lang/reflect/Type;)V @ 9
Event: 22.798 Thread 0x000001cbc9d76800 Uncommon trap: reason=class_check action=maybe_recompile pc=0x000001cbcba31eb8 method=com.google.gson.internal.$Gson$Types.getRawType(Ljava/lang/reflect/Type;)Ljava/lang/Class; @ 1
Event: 22.799 Thread 0x000001cbc9d76800 Uncommon trap: reason=class_check action=maybe_recompile pc=0x000001cbcc9b1018 method=com.google.gson.JsonElement.isJsonPrimitive()Z @ 1
Event: 22.799 Thread 0x000001cbc9d76800 Uncommon trap: reason=class_check action=maybe_recompile pc=0x000001cbcc9b1018 method=com.google.gson.JsonElement.isJsonPrimitive()Z @ 1
Event: 22.799 Thread 0x000001cbc9d76800 Uncommon trap: reason=class_check action=maybe_recompile pc=0x000001cbcc9b1018 method=com.google.gson.JsonElement.isJsonPrimitive()Z @ 1
Event: 22.799 Thread 0x000001cbc9d76800 Uncommon trap: reason=class_check action=maybe_recompile pc=0x000001cbcc9b1018 method=com.google.gson.JsonElement.isJsonPrimitive()Z @ 1

Classes redefined (0 events):
No events

Internal exceptions (10 events):
Event: 22.998 Thread 0x000001cbf9403000 Exception <a 'org/lwjgl/LWJGLException'> (0x00000007aad93108) thrown at [C:\ws\workspace\jdk-8u312\label\windows-x86_64\type\b8\build\hotspot\src\share\vm\prims\jni.cpp, line 711]
Event: 22.999 Thread 0x000001cbf9403000 Exception <a 'org/lwjgl/LWJGLException'> (0x00000007aad937c8) thrown at [C:\ws\workspace\jdk-8u312\label\windows-x86_64\type\b8\build\hotspot\src\share\vm\prims\jni.cpp, line 711]
Event: 22.999 Thread 0x000001cbf9403000 Exception <a 'org/lwjgl/LWJGLException'> (0x00000007aad93d28) thrown at [C:\ws\workspace\jdk-8u312\label\windows-x86_64\type\b8\build\hotspot\src\share\vm\prims\jni.cpp, line 711]
Event: 22.999 Thread 0x000001cbf9403000 Exception <a 'org/lwjgl/LWJGLException'> (0x00000007aad942f0) thrown at [C:\ws\workspace\jdk-8u312\label\windows-x86_64\type\b8\build\hotspot\src\share\vm\prims\jni.cpp, line 711]
Event: 22.999 Thread 0x000001cbf9403000 Exception <a 'org/lwjgl/LWJGLException'> (0x00000007aad94958) thrown at [C:\ws\workspace\jdk-8u312\label\windows-x86_64\type\b8\build\hotspot\src\share\vm\prims\jni.cpp, line 711]
Event: 23.000 Thread 0x000001cbc9d76800 Exception <a 'java/lang/NullPointerException'> (0x00000007a9b8b118) thrown at [C:\ws\workspace\jdk-8u312\label\windows-x86_64\type\b8\build\hotspot\src\share\vm\runtime\sharedRuntime.cpp, line 1093]
Event: 23.000 Thread 0x000001cbf9403000 Exception <a 'org/lwjgl/LWJGLException'> (0x00000007aad94fb8) thrown at [C:\ws\workspace\jdk-8u312\label\windows-x86_64\type\b8\build\hotspot\src\share\vm\prims\jni.cpp, line 711]
Event: 23.001 Thread 0x000001cbc9d76800 Exception <a 'java/lang/NullPointerException'> (0x00000007a9b97048) thrown at [C:\ws\workspace\jdk-8u312\label\windows-x86_64\type\b8\build\hotspot\src\share\vm\runtime\sharedRuntime.cpp, line 1093]
Event: 23.001 Thread 0x000001cbc9d76800 Exception <a 'java/lang/NullPointerException'> (0x00000007a9ba2280) thrown at [C:\ws\workspace\jdk-8u312\label\windows-x86_64\type\b8\build\hotspot\src\share\vm\runtime\sharedRuntime.cpp, line 1093]
Event: 23.003 Thread 0x000001cbc9d76800 Exception <a 'java/lang/NullPointerException'> (0x00000007a9bb0f38) thrown at [C:\ws\workspace\jdk-8u312\label\windows-x86_64\type\b8\build\hotspot\src\share\vm\runtime\sharedRuntime.cpp, line 1093]

Events (10 events):
Event: 22.799 Thread 0x000001cbc9d76800 DEOPT UNPACKING pc=0x000001cbcb8f5583 sp=0x0000006c249fd398 mode 2
Event: 22.799 Thread 0x000001cbc9d76800 Uncommon trap: trap_request=0xffffffde fr.pc=0x000001cbcc9b1018
Event: 22.799 Thread 0x000001cbc9d76800 DEOPT PACKING pc=0x000001cbcc9b1018 sp=0x0000006c249fd400
Event: 22.799 Thread 0x000001cbc9d76800 DEOPT UNPACKING pc=0x000001cbcb8f5583 sp=0x0000006c249fd398 mode 2
Event: 22.799 Thread 0x000001cbc9d76800 Uncommon trap: trap_request=0xffffffde fr.pc=0x000001cbcc9b1018
Event: 22.799 Thread 0x000001cbc9d76800 DEOPT PACKING pc=0x000001cbcc9b1018 sp=0x0000006c249fd400
Event: 22.799 Thread 0x000001cbc9d76800 DEOPT UNPACKING pc=0x000001cbcb8f5583 sp=0x0000006c249fd398 mode 2
Event: 22.994 Executing VM operation: RevokeBias
Event: 22.994 Executing VM operation: RevokeBias done
Event: 22.995 Thread 0x000001cbf9402000 Thread added: 0x000001cbf9402000


Dynamic libraries:
0x00007ff70a150000 - 0x00007ff70a195000 	C:\Program Files\BellSoft\LibericaJDK-8-Full\bin\java.exe
0x00007ff941a30000 - 0x00007ff941c28000 	C:\Windows\SYSTEM32\ntdll.dll
0x00007ff93fb80000 - 0x00007ff93fc3d000 	C:\Windows\System32\KERNEL32.DLL
0x00007ff93f6b0000 - 0x00007ff93f982000 	C:\Windows\System32\KERNELBASE.dll
0x00007ff9416a0000 - 0x00007ff94174e000 	C:\Windows\System32\ADVAPI32.dll
0x00007ff93fe70000 - 0x00007ff93ff0e000 	C:\Windows\System32\msvcrt.dll
0x00007ff941750000 - 0x00007ff9417ec000 	C:\Windows\System32\sechost.dll
0x00007ff9413d0000 - 0x00007ff9414f5000 	C:\Windows\System32\RPCRT4.dll
0x00007ff941500000 - 0x00007ff94169d000 	C:\Windows\System32\USER32.dll
0x00007ff93f140000 - 0x00007ff93f162000 	C:\Windows\System32\win32u.dll
0x00007ff940870000 - 0x00007ff94089b000 	C:\Windows\System32\GDI32.dll
0x00007ff93f170000 - 0x00007ff93f27f000 	C:\Windows\System32\gdi32full.dll
0x00007ff93f3e0000 - 0x00007ff93f47d000 	C:\Windows\System32\msvcp_win.dll
0x00007ff93f990000 - 0x00007ff93fa90000 	C:\Windows\System32\ucrtbase.dll
0x00007ff92d580000 - 0x00007ff92d81a000 	C:\Windows\WinSxS\amd64_microsoft.windows.common-controls_6595b64144ccf1df_6.0.19041.1110_none_60b5254171f9507e\COMCTL32.dll
0x00007ff940030000 - 0x00007ff940060000 	C:\Windows\System32\IMM32.DLL
0x00007ff936ef0000 - 0x00007ff936f05000 	C:\Program Files\BellSoft\LibericaJDK-8-Full\jre\bin\vcruntime140.dll
0x00007ff924500000 - 0x00007ff92459b000 	C:\Program Files\BellSoft\LibericaJDK-8-Full\jre\bin\msvcp140.dll
0x00000000770b0000 - 0x0000000077907000 	C:\Program Files\BellSoft\LibericaJDK-8-Full\jre\bin\server\jvm.dll
0x00007ff940ac0000 - 0x00007ff940ac8000 	C:\Windows\System32\PSAPI.DLL
0x00007ff939f20000 - 0x00007ff939f2a000 	C:\Windows\SYSTEM32\VERSION.dll
0x00007ff936320000 - 0x00007ff936347000 	C:\Windows\SYSTEM32\WINMM.dll
0x00007ff926dc0000 - 0x00007ff926dc9000 	C:\Windows\SYSTEM32\WSOCK32.dll
0x00007ff9418a0000 - 0x00007ff94190b000 	C:\Windows\System32\WS2_32.dll
0x00007ff93d020000 - 0x00007ff93d032000 	C:\Windows\SYSTEM32\kernel.appcore.dll
0x00007ff9371e0000 - 0x00007ff9371f0000 	C:\Program Files\BellSoft\LibericaJDK-8-Full\jre\bin\verify.dll
0x00007ff92d130000 - 0x00007ff92d15b000 	C:\Program Files\BellSoft\LibericaJDK-8-Full\jre\bin\java.dll
0x00007ff91c7d0000 - 0x00007ff91c802000 	C:\Program Files\BellSoft\LibericaJDK-8-Full\jre\bin\instrument.dll
0x00007ff92d110000 - 0x00007ff92d128000 	C:\Program Files\BellSoft\LibericaJDK-8-Full\jre\bin\zip.dll
0x00007ff9400c0000 - 0x00007ff940803000 	C:\Windows\System32\SHELL32.dll
0x00007ff93d220000 - 0x00007ff93d9b1000 	C:\Windows\SYSTEM32\windows.storage.dll
0x00007ff941070000 - 0x00007ff9413c4000 	C:\Windows\System32\combase.dll
0x00007ff93eba0000 - 0x00007ff93ebd0000 	C:\Windows\SYSTEM32\Wldp.dll
0x00007ff940b50000 - 0x00007ff940bfd000 	C:\Windows\System32\SHCORE.dll
0x00007ff93fdf0000 - 0x00007ff93fe45000 	C:\Windows\System32\shlwapi.dll
0x00007ff93f080000 - 0x00007ff93f09f000 	C:\Windows\SYSTEM32\profapi.dll
0x00007ff93a430000 - 0x00007ff93a44a000 	C:\Program Files\JetBrains\IntelliJ IDEA Community Edition 2021.2.2\bin\breakgen64.dll
0x00007ff92be50000 - 0x00007ff92be6c000 	C:\Program Files\BellSoft\LibericaJDK-8-Full\jre\bin\net.dll
0x00007ff93e900000 - 0x00007ff93e96a000 	C:\Windows\system32\mswsock.dll
0x00007ff937220000 - 0x00007ff93722d000 	C:\Program Files\BellSoft\LibericaJDK-8-Full\jre\bin\management.dll
0x00007ff92ba50000 - 0x00007ff92ba63000 	C:\Program Files\BellSoft\LibericaJDK-8-Full\jre\bin\nio.dll
0x00007ff93eb00000 - 0x00007ff93eb18000 	C:\Windows\SYSTEM32\CRYPTSP.dll
0x00007ff93e1b0000 - 0x00007ff93e1e4000 	C:\Windows\system32\rsaenh.dll
0x00007ff93f580000 - 0x00007ff93f5a7000 	C:\Windows\System32\bcrypt.dll
0x00007ff93f040000 - 0x00007ff93f06e000 	C:\Windows\SYSTEM32\USERENV.dll
0x00007ff93f620000 - 0x00007ff93f6a2000 	C:\Windows\System32\bcryptprimitives.dll
0x00007ff93eaf0000 - 0x00007ff93eafc000 	C:\Windows\SYSTEM32\CRYPTBASE.dll
0x00007ff93e5a0000 - 0x00007ff93e5db000 	C:\Windows\SYSTEM32\IPHLPAPI.DLL
0x00007ff941910000 - 0x00007ff941918000 	C:\Windows\System32\NSI.dll
0x00007ff939f30000 - 0x00007ff939f47000 	C:\Windows\SYSTEM32\dhcpcsvc6.DLL
0x00007ff939b00000 - 0x00007ff939b1d000 	C:\Windows\SYSTEM32\dhcpcsvc.DLL
0x00007ff93e5e0000 - 0x00007ff93e6aa000 	C:\Windows\SYSTEM32\DNSAPI.dll
0x00007ff937210000 - 0x00007ff93721a000 	C:\Users\i76700K\AppData\Local\Temp\jansi-64-7690058258599700935.dll
0x00007ff921780000 - 0x00007ff921797000 	C:\Windows\system32\napinsp.dll
0x00007ff921760000 - 0x00007ff92177b000 	C:\Windows\system32\pnrpnsp.dll
0x00007ff921740000 - 0x00007ff921755000 	C:\Windows\system32\wshbth.dll
0x00007ff93b710000 - 0x00007ff93b72d000 	C:\Windows\system32\NLAapi.dll
0x00007ff921720000 - 0x00007ff921732000 	C:\Windows\System32\winrnr.dll
0x00007ff937500000 - 0x00007ff93750a000 	C:\Windows\System32\rasadhlp.dll
0x00007ff936d30000 - 0x00007ff936db0000 	C:\Windows\System32\fwpuclnt.dll
0x0000000180000000 - 0x0000000180053000 	C:\Users\i76700K\.gradle\caches\minecraft\net\minecraft\natives\1.8.9\lwjgl64.dll
0x00007ff9175d0000 - 0x00007ff9176f7000 	C:\Windows\SYSTEM32\OPENGL32.dll
0x00007ff92bca0000 - 0x00007ff92bccc000 	C:\Windows\SYSTEM32\GLU32.dll
0x00007ff90d570000 - 0x00007ff90d704000 	C:\Program Files\BellSoft\LibericaJDK-8-Full\jre\bin\awt.dll
0x00007ff941920000 - 0x00007ff9419ed000 	C:\Windows\System32\OLEAUT32.dll
0x00007ff93c950000 - 0x00007ff93c9e1000 	C:\Windows\SYSTEM32\apphelp.dll
0x00007ff939420000 - 0x00007ff9394ce000 	C:\Windows\SYSTEM32\mscms.dll
0x00007ff939400000 - 0x00007ff939411000 	C:\Windows\SYSTEM32\ColorAdapterClient.dll
0x00007ff9417f0000 - 0x00007ff94189f000 	C:\Windows\System32\clbcatq.dll
0x00007ff9121d0000 - 0x00007ff912213000 	C:\Windows\System32\Windows.Internal.Graphics.Display.DisplayColorManagement.dll
0x00007ff93f480000 - 0x00007ff93f4ce000 	C:\Windows\System32\cfgmgr32.dll
0x00007ff93caa0000 - 0x00007ff93cb3e000 	C:\Windows\system32\uxtheme.dll
0x00007ff93ff10000 - 0x00007ff940025000 	C:\Windows\System32\MSCTF.dll
0x00007ff9369a0000 - 0x00007ff936a99000 	C:\Windows\SYSTEM32\textinputframework.dll
0x00007ff93c710000 - 0x00007ff93c802000 	C:\Windows\System32\CoreMessaging.dll
0x00007ff93c030000 - 0x00007ff93c38e000 	C:\Windows\System32\CoreUIComponents.dll
0x00007ff93aee0000 - 0x00007ff93b034000 	C:\Windows\SYSTEM32\wintypes.dll
0x00007ff93e2d0000 - 0x00007ff93e303000 	C:\Windows\SYSTEM32\ntmarta.dll
0x00007ff939be0000 - 0x00007ff939cd7000 	C:\Windows\System32\AppXDeploymentClient.dll
0x00007ff8b4630000 - 0x00007ff8b7658000 	C:\Windows\System32\DriverStore\FileRepository\nv_dispig.inf_amd64_df0bee9f4cb9436e\nvoglv64.dll
0x00007ff940c00000 - 0x00007ff94106f000 	C:\Windows\System32\SETUPAPI.dll
0x00007ff940980000 - 0x00007ff940aaa000 	C:\Windows\System32\ole32.dll
0x00007ff93a9c0000 - 0x00007ff93a9d4000 	C:\Windows\SYSTEM32\WTSAPI32.dll
0x00007ff93ed30000 - 0x00007ff93ed42000 	C:\Windows\SYSTEM32\msasn1.dll
0x00007ff939190000 - 0x00007ff9391c1000 	C:\Windows\SYSTEM32\cryptnet.dll
0x00007ff93f280000 - 0x00007ff93f3d6000 	C:\Windows\System32\CRYPT32.dll
0x00007ff938fe0000 - 0x00007ff939128000 	C:\Windows\SYSTEM32\drvstore.dll
0x00007ff93eef0000 - 0x00007ff93ef1c000 	C:\Windows\SYSTEM32\devobj.dll
0x00007ff93f5b0000 - 0x00007ff93f619000 	C:\Windows\System32\WINTRUST.dll
0x00007ff938560000 - 0x00007ff93859b000 	C:\Windows\SYSTEM32\dxcore.dll
0x00007ff8e0550000 - 0x00007ff8e0815000 	C:\Windows\system32\nvspcap64.dll
0x00007ff93cd30000 - 0x00007ff93cd5f000 	C:\Windows\SYSTEM32\dwmapi.dll
0x00007ff8e9460000 - 0x00007ff8e94a3000 	C:\Windows\SYSTEM32\icm32.dll
0x00007ff93e710000 - 0x00007ff93e75b000 	C:\Windows\SYSTEM32\powrprof.dll
0x00007ff93e580000 - 0x00007ff93e592000 	C:\Windows\SYSTEM32\UMPDC.dll
0x00007ff93de40000 - 0x00007ff93dea4000 	C:\Windows\SYSTEM32\WINSTA.dll
0x000001cbec810000 - 0x000001cbec848000 	C:\Users\i76700K\AppData\Local\Temp\jna\jna7443200533582312724.dll
0x00007ff905e20000 - 0x00007ff905ea1000 	C:\Program Files\BellSoft\LibericaJDK-8-Full\jre\bin\freetype.dll
0x00007ff912180000 - 0x00007ff9121cb000 	C:\Program Files\BellSoft\LibericaJDK-8-Full\jre\bin\fontmanager.dll
0x0000000070a40000 - 0x0000000070adc000 	C:\Users\i76700K\.gradle\caches\minecraft\net\minecraft\natives\1.8.9\avutil-ttv-51.dll
0x0000000065980000 - 0x00000000659d6000 	C:\Users\i76700K\.gradle\caches\minecraft\net\minecraft\natives\1.8.9\swresample-ttv-0.dll
0x000000006eb80000 - 0x000000006ec50000 	C:\Users\i76700K\.gradle\caches\minecraft\net\minecraft\natives\1.8.9\libmp3lame-ttv.dll
0x00007ff8ec000000 - 0x00007ff8ed3a4000 	C:\Users\i76700K\.gradle\caches\minecraft\net\minecraft\natives\1.8.9\libmfxsw64.dll
0x00007ff904190000 - 0x00007ff9042fd000 	C:\Users\i76700K\.gradle\caches\minecraft\net\minecraft\natives\1.8.9\twitchsdk.dll
0x00007ff92df70000 - 0x00007ff92e449000 	C:\Windows\SYSTEM32\WININET.dll
0x000001cbf3980000 - 0x000001cbf39e4000 	C:\Users\i76700K\.gradle\caches\minecraft\net\minecraft\natives\1.8.9\OpenAL64.dll
0x00007ff937710000 - 0x00007ff937795000 	C:\Windows\System32\MMDevApi.dll
0x00007ff8c5b00000 - 0x00007ff8c5b9c000 	C:\Windows\SYSTEM32\dsound.dll
0x00007ff93a910000 - 0x00007ff93a936000 	C:\Windows\SYSTEM32\winmmbase.dll
0x00007ff91b390000 - 0x00007ff91b512000 	C:\Windows\SYSTEM32\AUDIOSES.DLL
0x00007ff93cc30000 - 0x00007ff93cc44000 	C:\Windows\SYSTEM32\resourcepolicyclient.dll
0x00007ff935e60000 - 0x00007ff93602f000 	C:\Windows\system32\d3d9.dll
0x00007ff937970000 - 0x00007ff937a76000 	C:\Windows\System32\DriverStore\FileRepository\nv_dispig.inf_amd64_df0bee9f4cb9436e\nvldumdx.dll
0x00007ff93fe50000 - 0x00007ff93fe6d000 	C:\Windows\System32\imagehlp.dll
0x00007ff8c7b70000 - 0x00007ff8c92f8000 	C:\Windows\System32\DriverStore\FileRepository\nv_dispig.inf_amd64_df0bee9f4cb9436e\nvd3dumx.dll
0x00007ff93d9d0000 - 0x00007ff93d9f3000 	C:\Windows\SYSTEM32\gpapi.dll
0x00007ff930ee0000 - 0x00007ff9310c4000 	C:\Windows\SYSTEM32\dbghelp.dll

VM Arguments:
jvm_args: -Dfml.coreMods.load=dev.kino.injection.MixinLoader -javaagent:C:\Program Files\JetBrains\IntelliJ IDEA Community Edition 2021.2.2\lib\idea_rt.jar=63572:C:\Program Files\JetBrains\IntelliJ IDEA Community Edition 2021.2.2\bin -Dfile.encoding=UTF-8 
java_command: GradleStart
java_class_path (initial): C:\Program Files\BellSoft\LibericaJDK-8-Full\jre\lib\charsets.jar;C:\Program Files\BellSoft\LibericaJDK-8-Full\jre\lib\ext\access-bridge-64.jar;C:\Program Files\BellSoft\LibericaJDK-8-Full\jre\lib\ext\cldrdata.jar;C:\Program Files\BellSoft\LibericaJDK-8-Full\jre\lib\ext\dnsns.jar;C:\Program Files\BellSoft\LibericaJDK-8-Full\jre\lib\ext\jaccess.jar;C:\Program Files\BellSoft\LibericaJDK-8-Full\jre\lib\ext\jfxrt.jar;C:\Program Files\BellSoft\LibericaJDK-8-Full\jre\lib\ext\localedata.jar;C:\Program Files\BellSoft\LibericaJDK-8-Full\jre\lib\ext\nashorn.jar;C:\Program Files\BellSoft\LibericaJDK-8-Full\jre\lib\ext\sunec.jar;C:\Program Files\BellSoft\LibericaJDK-8-Full\jre\lib\ext\sunjce_provider.jar;C:\Program Files\BellSoft\LibericaJDK-8-Full\jre\lib\ext\sunmscapi.jar;C:\Program Files\BellSoft\LibericaJDK-8-Full\jre\lib\ext\sunpkcs11.jar;C:\Program Files\BellSoft\LibericaJDK-8-Full\jre\lib\ext\zipfs.jar;C:\Program Files\BellSoft\LibericaJDK-8-Full\jre\lib\jce.jar;C:\Program Files\BellSoft\LibericaJDK-8-Full\jre\lib\jfr.jar;C:\Program Files\BellSoft\LibericaJDK-8-Full\jre\lib\jfxswt.jar;C:\Program Files\BellSoft\LibericaJDK-8-Full\jre\lib\jsse.jar;C:\Program Files\BellSoft\LibericaJDK-8-Full\jre\lib\management-agent.jar;C:\Program Files\BellSoft\LibericaJDK-8-Full\jre\lib\resources.jar;C:\Program Files\BellSoft\LibericaJDK-8-Full\jre\lib\rt.jar;D:\SigmaAddons\out\production\ClientBase;C:\Users\i76700K\.gradle\caches\modules-2\files-2.1\org.spongepowered\mixin\0.6.4-SNAPSHOT\bdaaf9c7b34b9559b9265786ad7972ac3777834e\mixin-0.6.4-SNAPSHOT.jar;C:\Users\i76700K\.gradle\caches\modules-2\files-2.1\org.jetbrains\annotations\15.0\d40ab99147584cf6cfb5245be67b3fee2c7220f9\annotations-15.0.jar;C:\Users\i76700K\.gradle\caches\modules-2\files-2.1\com.google.guava\guava\17.0\9c6ef172e8de35fd8d4d8783e4821e57cdef7445\guava-17.0.jar;C:\Users\i76700K\.gradle\caches\modules-2\files-2.1\org.slf4j\slf4j-api\1.7.7\2b8019b6249bb05d81d3a3094e468753e2b21311\slf4j-api-1.7
Launcher Type: SUN_STANDARD

Environment Variables:
JAVA_HOME=C:\Program Files\BellSoft\LibericaJDK-8-Full
PATH=C:\Program Files\BellSoft\LibericaJDK-8-Full\bin\;C:\Program Files (x86)\VMware\VMware Workstation\bin\;C:\Windows\system32;C:\Windows;C:\Windows\System32\Wbem;C:\Windows\System32\WindowsPowerShell\v1.0\;C:\Windows\System32\OpenSSH\;C:\ProgramData\chocolatey\bin;C:\Program Files\Git\cmd;C:\Program Files\NVIDIA Corporation\NVIDIA NvDLISR;C:\Gradle\gradle-7.2\bin;C:\msys64\mingw64\bin;C:\Program Files\nodejs\;C:\Program Files (x86)\NVIDIA Corporation\PhysX\Common;C:\Program Files (x86)\Lua\5.1;C:\Program Files (x86)\Lua\5.1\clibs;C:\Program Files\Go\bin;C:\Program Files\dotnet\;C:\Program Files\Cloudflare\Cloudflare WARP\;C:\Users\i76700K\AppData\Local\Programs\Python\Python310\Scripts\;C:\Users\i76700K\AppData\Local\Programs\Python\Python310\;C:\Users\i76700K\.cargo\bin;C:\Users\i76700K\AppData\Local\Microsoft\WindowsApps;C:\Users\i76700K\AppData\Local\atom\bin;C:\Users\i76700K\AppData\Local\Programs\Microsoft VS Code\bin;C:\Users\i76700K\AppData\Local\GitHubDesktop\bin;C:\Users\i76700K\AppData\Roaming\npm;C:\Program Files\JetBrains\PyCharm Community Edition 2022.1\bin;C:\ffmpeg\bin;C:\Users\i76700K\go\bin;C:\Users\i76700K\.dotnet\tools;C:\Users\i76700K\AppData\Local\JetBrains\Toolbox\scripts;
USERNAME=i76700K
OS=Windows_NT
PROCESSOR_IDENTIFIER=Intel64 Family 6 Model 94 Stepping 3, GenuineIntel



---------------  S Y S T E M  ---------------

OS: Windows 10.0 , 64 bit Build 19041 (10.0.19041.1889)

CPU:total 8 (initial active 8) (4 cores per cpu, 2 threads per core) family 6 model 94 stepping 3, cmov, cx8, fxsr, mmx, sse, sse2, sse3, ssse3, sse4.1, sse4.2, popcnt, avx, avx2, aes, clmul, erms, rtm, 3dnowpref, lzcnt, ht, tsc, tscinvbit, bmi1, bmi2, adx

Memory: 4k page, physical 16719596k(4988420k free), swap 25108204k(3540836k free)

vm_info: OpenJDK 64-Bit Server VM (25.312-b07) for windows-amd64 JRE (1.8.0_312-b07), built on Oct 16 2021 18:05:29 by "hudson" with MS VC++ 15.9 (VS2017)

time: Sun Oct 16 18:34:35 2022
timezone: Central European Daylight Time
elapsed time: 23.099067 seconds (0d 0h 0m 23s)

